2017-02-20 21:03:42,316 - os.name - Windows 8.1
2017-02-20 21:03:42,316 - os.arch - amd64
2017-02-20 21:03:42,316 - os.version - 6.3
2017-02-20 21:03:42,316 - java.version - 1.8.0_60
2017-02-20 21:03:42,316 - java.vendor - Oracle Corporation
2017-02-20 21:03:42,316 - java.vendor.url - http://java.oracle.com/
2017-02-20 21:03:42,316 - java.home - C:\Program Files\Java\jre1.8.0_60
2017-02-20 21:03:42,316 - java.vm.specification.name - Java Virtual Machine Specification
2017-02-20 21:03:42,317 - java.vm.specification.vendor - Oracle Corporation
2017-02-20 21:03:42,317 - java.vm.specification.version - 1.8
2017-02-20 21:03:42,317 - java.class.path - C:\Users\Jared\eclipse\\plugins/org.eclipse.equinox.launcher_1.3.0.v20140415-2008.jar
2017-02-20 21:03:42,317 - java.library.path - C:\ProgramData\Oracle\Java\javapath;C:\Windows\Sun\Java\bin;C:\Windows\system32;C:\Windows;C:\Oracle\product\11.2.0\dbhome_2\bin;C:\Oracle\product\11.2.0\dbhome_1\bin;C:\ProgramData\Oracle\Java\javapath;C:\Program Files (x86)\Intel\iCLS Client\;C:\Program Files\Intel\iCLS Client\;C:\Windows\system32;C:\Windows;C:\Windows\System32\Wbem;C:\Windows\System32\WindowsPowerShell\v1.0\;C:\Program Files\Intel\Intel(R) Management Engine Components\DAL;C:\Program Files (x86)\Intel\Intel(R) Management Engine Components\DAL;C:\Program Files\Intel\Intel(R) Management Engine Components\IPT;C:\Program Files (x86)\Intel\Intel(R) Management Engine Components\IPT;C:\Program Files\Intel\WiFi\bin\;C:\Program Files\Common Files\Intel\WirelessCommon\;C:\Program Files (x86)\Skype\Phone\;C:\Program Files (x86)\NVIDIA Corporation\PhysX\Common;C:\Program Files (x86)\Windows Live\Shared;C:\Program Files\TortoiseSVN\bin;.
2017-02-20 21:03:42,317 - --------------------------------------
2017-02-20 21:03:42,317 - ## Eclipse Plug-ins Log Information ##
2017-02-20 21:03:42,317 - --------------------------------------
2017-02-20 21:03:42,341 - org.eclipse.team.svn.revision.graph - 4.0.0.I20160226-1700
2017-02-20 21:03:42,417 - javax.el - 2.2.0.v201303151357
2017-02-20 21:03:42,418 - javax.servlet - 3.0.0.v201112011016
2017-02-20 21:03:42,419 - javax.servlet.jsp - 2.2.0.v201112011158
2017-02-20 21:03:42,420 - com.sun.el - 2.2.0.v201303151357
2017-02-20 21:03:42,420 - org.apache.commons.logging - 1.1.1.v201101211721
2017-02-20 21:03:42,421 - org.apache.jasper.glassfish - 2.2.2.v201501141630
2017-02-20 21:03:42,424 - org.apache.lucene.analysis - 3.5.0.v20120725-1805
2017-02-20 21:03:42,425 - org.apache.lucene.core - 3.5.0.v20120725-1805
2017-02-20 21:03:42,426 - org.eclipse.equinox.http.jetty - 3.0.200.v20131021-1843
2017-02-20 21:03:42,427 - org.eclipse.equinox.http.registry - 1.1.300.v20130402-1529
2017-02-20 21:03:42,428 - org.eclipse.equinox.http.servlet - 1.1.500.v20140318-1755
2017-02-20 21:03:42,430 - org.eclipse.equinox.jsp.jasper - 1.0.400.v20130327-1442
2017-02-20 21:03:42,431 - org.eclipse.equinox.jsp.jasper.registry - 1.0.300.v20130327-1442
2017-02-20 21:03:42,431 - org.eclipse.help.base - 4.0.201.v20150204-1700
2017-02-20 21:03:42,432 - org.eclipse.help.ui - 4.0.100.v20140401-0608
2017-02-20 21:03:42,433 - org.eclipse.help.webapp - 3.6.301.v20150115-1843
2017-02-20 21:03:42,434 - org.eclipse.jetty.continuation - 8.1.16.v20140903
2017-02-20 21:03:42,435 - org.eclipse.jetty.http - 8.1.16.v20140903
2017-02-20 21:03:42,436 - org.eclipse.jetty.io - 8.1.16.v20140903
2017-02-20 21:03:42,437 - org.eclipse.jetty.security - 8.1.16.v20140903
2017-02-20 21:03:42,439 - org.eclipse.jetty.server - 8.1.16.v20140903
2017-02-20 21:03:42,440 - org.eclipse.jetty.servlet - 8.1.16.v20140903
2017-02-20 21:03:42,442 - org.eclipse.jetty.util - 8.1.16.v20140903
2017-02-20 21:03:42,444 - org.eclipse.core.net - 1.2.200.v20140124-2013
2017-02-20 21:03:42,447 - org.eclipse.equinox.security - 1.2.0.v20130424-1801
2017-02-20 21:03:42,469 - org.eclipse.wb.os - 1.7.0.r44x201405021445
2017-02-20 21:03:42,470 - org.eclipse.wb.runtime - 1.7.0.r44x201405021445
2017-02-20 21:03:42,483 - org.eclipse.wb.runtime.lib - 1.7.0.r44x201405021445
2017-02-20 21:03:42,483 - org.eclipse.wb.core - 1.7.0.r44x201405021445
2017-02-20 21:03:42,530 - org.eclipse.wb.core.lib - 1.7.0.r44x201405021445
2017-02-20 21:03:42,535 - org.eclipse.wb.os.win32 - 1.7.0.r44x201405021445
2017-02-20 21:03:42,605 - org.eclipse.mylyn.bugzilla.core - 3.14.2.v20150217-2341
2017-02-20 21:03:42,606 - org.eclipse.mylyn.bugzilla.ui - 3.14.2.v20150217-2341
2017-02-20 21:03:42,628 - org.eclipse.andmore.hierarchyviewer - 0.5.0.201605181018
2017-02-20 21:03:42,653 - org.eclipse.sequoyah.device.backward - 2.1.0.N20120718-0509
2017-02-20 21:03:42,653 - org.eclipse.sequoyah.device.framework - 2.1.0.N20120718-0509
2017-02-20 21:03:42,654 - org.eclipse.sequoyah.device.framework.ui - 2.1.0.N20120718-0509
2017-02-20 21:03:42,655 - org.eclipse.sequoyah.device.service.start - 2.1.0.N20120718-0509
2017-02-20 21:03:42,657 - org.eclipse.sequoyah.device.service.stop - 2.1.0.N20120718-0509
2017-02-20 21:03:42,658 - org.eclipse.sequoyah.device.framework.wizard - 2.1.0.N20120718-0509
2017-02-20 21:03:42,673 - org.eclipse.mylyn.tasks.core - 3.14.2.v20150217-2341
2017-02-20 21:03:42,674 - org.eclipse.mylyn.tasks.index.core - 3.14.2.v20150217-2341
2017-02-20 21:03:42,675 - org.eclipse.mylyn.tasks.index.ui - 3.14.2.v20150217-2341
2017-02-20 21:03:42,676 - org.eclipse.mylyn.tasks.search - 3.14.2.v20150217-2341
2017-02-20 21:03:42,678 - org.eclipse.mylyn.tasks.ui - 3.14.2.v20150217-2341
2017-02-20 21:03:42,701 - org.eclipse.egit.core - 3.4.2.201412180340-r
2017-02-20 21:03:42,703 - org.eclipse.egit.ui - 3.4.2.201412180340-r
2017-02-20 21:03:42,703 - org.eclipse.egit - 3.4.2.201412180340-r
2017-02-20 21:03:42,704 - org.eclipse.egit.doc - 3.4.2.201412180340-r
2017-02-20 21:03:42,727 - org.eclipse.aether.maven - 3.1.0.v20140706-2237
2017-02-20 21:03:42,749 - org.eclipse.gef - 3.11.0.201606061308
2017-02-20 21:03:42,769 - org.eclipse.mylyn.commons.identity.core - 1.6.2.v20150217-2244
2017-02-20 21:03:42,805 - org.eclipse.team.svn.m2e.sources - 4.0.0.I20160226-1700
2017-02-20 21:03:42,832 - org.eclipse.emf.codegen.ui - 2.6.0.v20150123-0452
2017-02-20 21:03:42,858 - org.eclipse.datatools.enablement.sqlite - 1.0.0.v201002041100
2017-02-20 21:03:42,858 - org.eclipse.datatools.enablement.sqlite.dbdefinition - 1.0.2.v201206010441
2017-02-20 21:03:42,859 - org.eclipse.datatools.enablement.sqlite.ui - 1.0.0.v201107221507
2017-02-20 21:03:42,860 - org.eclipse.datatools.enablement.finfo - 1.5.1.v200906161800
2017-02-20 21:03:42,897 - org.eclipse.team.svn.sources - 4.0.4.I20170216-1700
2017-02-20 21:03:42,923 - org.eclipse.team.svn.mylyn - 4.0.0.I20160226-1700
2017-02-20 21:03:42,945 - org.eclipse.mylyn.commons.notifications.core - 1.6.2.v20150217-2244
2017-02-20 21:03:42,946 - org.eclipse.mylyn.commons.notifications.feed - 1.6.2.v20150217-2244
2017-02-20 21:03:42,946 - org.eclipse.mylyn.commons.notifications.ui - 1.6.2.v20150217-2244
2017-02-20 21:03:42,968 - org.eclipse.mylyn.cvs.core - 1.6.2.v20150217-2249
2017-02-20 21:03:42,986 - org.eclipse.emf.converter - 2.7.0.v20150123-0452
2017-02-20 21:03:42,987 - org.eclipse.emf.importer - 2.9.0.v20150123-0452
2017-02-20 21:03:42,987 - org.eclipse.emf.exporter - 2.7.0.v20150123-0452
2017-02-20 21:03:42,988 - org.eclipse.emf.importer.ecore - 2.8.0.v20150123-0452
2017-02-20 21:03:42,989 - org.eclipse.emf.importer.java - 2.7.0.v20150123-0452
2017-02-20 21:03:42,989 - org.eclipse.emf.importer.rose - 2.7.0.v20150123-0452
2017-02-20 21:03:43,008 - org.eclipse.emf.edit.ui - 2.10.2.v20150123-0452
2017-02-20 21:03:43,031 - org.eclipse.help - 3.6.0.v20130326-1254
2017-02-20 21:03:43,032 - org.eclipse.ui - 3.106.1.v20141002-1150
2017-02-20 21:03:43,032 - org.eclipse.ui.workbench - 3.106.2.v20150204-1030
2017-02-20 21:03:43,032 - org.eclipse.update.configurator - 3.3.300.v20140518-1928
2017-02-20 21:03:43,033 - org.eclipse.rcp - 4.4.2.v20150204-1700
2017-02-20 21:03:43,057 - org.eclipse.cvs - 1.4.100.v20150204-1700
2017-02-20 21:03:43,058 - org.eclipse.team.cvs.core - 3.3.600.v20131112-1442
2017-02-20 21:03:43,058 - org.eclipse.team.cvs.ssh2 - 3.2.400.v20131112-1442
2017-02-20 21:03:43,059 - org.eclipse.team.cvs.ui - 3.3.600.v20130514-1224
2017-02-20 21:03:43,078 - org.eclipse.recommenders.rcp - 2.1.12.v20150218-0817
2017-02-20 21:03:43,078 - org.eclipse.recommenders.apidocs - 2.1.12.v20150212-1812
2017-02-20 21:03:43,079 - org.eclipse.recommenders.apidocs.rcp - 2.1.12.v20150212-1812
2017-02-20 21:03:43,080 - org.eclipse.recommenders.calls - 2.1.12.v20150212-1812
2017-02-20 21:03:43,080 - org.eclipse.recommenders.calls.rcp - 2.1.12.v20150212-1812
2017-02-20 21:03:43,080 - org.eclipse.recommenders.chain.rcp - 2.1.12.v20150212-1812
2017-02-20 21:03:43,081 - org.eclipse.recommenders.completion.rcp - 2.1.12.v20150213-0747
2017-02-20 21:03:43,081 - org.eclipse.recommenders.injection - 2.1.12.v20150212-1812
2017-02-20 21:03:43,082 - org.eclipse.recommenders.jayes - 2.1.12.v20150212-1812
2017-02-20 21:03:43,083 - org.eclipse.recommenders.jayes.io - 2.1.12.v20150212-1812
2017-02-20 21:03:43,083 - org.eclipse.recommenders.jdt - 2.1.12.v20150212-1812
2017-02-20 21:03:43,084 - org.eclipse.recommenders.models - 2.1.12.v20150212-1812
2017-02-20 21:03:43,084 - org.eclipse.recommenders.models.rcp - 2.1.12.v20150212-1812
2017-02-20 21:03:43,085 - org.eclipse.recommenders.overrides - 2.1.12.v20150212-1812
2017-02-20 21:03:43,085 - org.eclipse.recommenders.overrides.rcp - 2.1.12.v20150212-1812
2017-02-20 21:03:43,086 - org.eclipse.recommenders.subwords.rcp - 2.1.12.v20150212-1812
2017-02-20 21:03:43,086 - org.eclipse.recommenders.utils - 2.1.12.v20150212-1812
2017-02-20 21:03:43,087 - org.eclipse.recommenders.net - 2.1.12.v20150212-1812
2017-02-20 21:03:43,102 - org.eclipse.team.svn.nl1 - 4.0.0.I20160226-1700
2017-02-20 21:03:43,102 - org.eclipse.team.svn.core.nl1 - 4.0.0.I20160226-1700
2017-02-20 21:03:43,104 - org.eclipse.team.svn.ui.nl1 - 4.0.0.I20160226-1700
2017-02-20 21:03:43,120 - org.eclipse.mylyn.commons.repositories.http.core - 1.6.2.v20150217-2244
2017-02-20 21:03:43,140 - org.eclipse.datatools.connectivity.oda.design.ui - 3.2.9.v201403131814
2017-02-20 21:03:43,140 - org.eclipse.datatools.connectivity.ui.dse - 1.1.5.v201212070447
2017-02-20 21:03:43,141 - org.eclipse.datatools.connectivity.ui - 1.2.4.v201212070447
2017-02-20 21:03:43,142 - org.eclipse.datatools.connectivity.sqm.core - 1.2.8.v201401230755
2017-02-20 21:03:43,142 - org.eclipse.datatools.help - 1.5.0.v200906020553
2017-02-20 21:03:43,169 - org.eclipse.jdt - 3.10.1.v20150204-1700
2017-02-20 21:03:43,170 - org.eclipse.ant.ui - 3.5.500.v20140521-1557
2017-02-20 21:03:43,170 - org.eclipse.jdt.apt.core - 3.3.600.v20150122-0735
2017-02-20 21:03:43,171 - org.eclipse.jdt.apt.ui - 3.3.400.v20140311-1758
2017-02-20 21:03:43,171 - org.eclipse.jdt.apt.pluggable.core - 1.0.400.v20131113-0353
2017-02-20 21:03:43,172 - org.eclipse.jdt.compiler.apt - 1.1.0.v20150122-0735
2017-02-20 21:03:43,172 - org.eclipse.jdt.compiler.tool - 1.0.300.v20150114-1827
2017-02-20 21:03:43,172 - org.eclipse.jdt.core - 3.10.2.v20150120-1634
2017-02-20 21:03:43,173 - org.eclipse.jdt.annotation - 2.0.0.v20140415-1436
2017-02-20 21:03:43,173 - org.eclipse.jdt.annotation - 2.0.0.v20140415-1436
2017-02-20 21:03:43,173 - org.eclipse.jdt.core.manipulation - 1.5.0.v20130605-1748
2017-02-20 21:03:43,174 - org.eclipse.jdt.debug.ui - 3.6.300.v20140512-1926
2017-02-20 21:03:43,184 - org.eclipse.jdt.debug - 3.8.102.v20150115-1323
2017-02-20 21:03:43,185 - org.eclipse.jdt.junit - 3.7.300.v20140418-0836
2017-02-20 21:03:43,186 - org.eclipse.jdt.junit.core - 3.7.300.v20140409-1618
2017-02-20 21:03:43,187 - org.eclipse.jdt.junit.runtime - 3.4.500.v20140527-1138
2017-02-20 21:03:43,187 - org.eclipse.jdt.junit4.runtime - 1.1.400.v20140314-0036
2017-02-20 21:03:43,188 - org.eclipse.jdt.launching - 3.7.102.v20141111-0953
2017-02-20 21:03:43,190 - org.eclipse.jdt.ui - 3.10.2.v20141014-1419
2017-02-20 21:03:43,209 - org.junit - 4.11.0.v201303080030
2017-02-20 21:03:43,209 - org.hamcrest.core - 1.3.0.v201303031735
2017-02-20 21:03:43,211 - org.eclipse.jdt.doc.user - 3.10.1.v20140827-1504
2017-02-20 21:03:43,212 - org.eclipse.ant.launching - 1.0.400.v20140518-0030
2017-02-20 21:03:43,234 - org.eclipse.emf.common - 2.10.1.v20150123-0348
2017-02-20 21:03:43,259 - org.eclipse.sequoyah.vnc.vncviewer.vncviews - 2.1.0.N20120718-0509
2017-02-20 21:03:43,274 - org.eclipse.egit.mylyn.ui - 3.4.2.201412180340-r
2017-02-20 21:03:43,288 - org.eclipse.datatools.sqltools.common.ui - 1.0.1.v201212120623
2017-02-20 21:03:43,289 - org.eclipse.datatools.sqltools.debugger.core - 1.0.1.v201107221520
2017-02-20 21:03:43,289 - org.eclipse.datatools.sqltools.editor.core - 1.0.3.v201212120623
2017-02-20 21:03:43,290 - org.eclipse.datatools.sqltools.plan - 1.0.0.v201107221520
2017-02-20 21:03:43,291 - org.eclipse.datatools.sqltools.routineeditor - 1.0.0.v201107221520
2017-02-20 21:03:43,291 - org.eclipse.datatools.sqltools.sql - 1.0.1.v201110050515
2017-02-20 21:03:43,292 - org.eclipse.datatools.sqltools.sqleditor - 1.0.4.v201212120623
2017-02-20 21:03:43,292 - org.eclipse.datatools.sqltools.sqlscrapbook - 1.0.2.v201205310922
2017-02-20 21:03:43,292 - org.eclipse.datatools.help - 1.5.0.v200906020553
2017-02-20 21:03:43,293 - org.eclipse.datatools.sqltools.db.generic - 1.0.0.v201107221520
2017-02-20 21:03:43,293 - org.eclipse.datatools.sqltools.debugger.core.ui - 1.0.0.v201003161000
2017-02-20 21:03:43,294 - org.eclipse.datatools.sqltools.editor.core.ui - 1.0.0.v201001150815
2017-02-20 21:03:43,294 - org.eclipse.datatools.sqltools.result.ui - 1.1.3.v201302061703
2017-02-20 21:03:43,295 - org.eclipse.datatools.sqltools.routineeditor.ui - 1.0.3.v201211200616
2017-02-20 21:03:43,295 - org.eclipse.datatools.sqltools.sql.ui - 1.0.1.v201201270735
2017-02-20 21:03:43,308 - org.objectweb.asm - 5.0.1.v201404251740
2017-02-20 21:03:43,308 - org.eclipse.andmore - 0.5.0.201605181018
2017-02-20 21:03:43,308 - org.eclipse.andmore.base - 0.5.0.201605181018
2017-02-20 21:03:43,308 - org.eclipse.andmore.ddms - 0.5.0.201605181018
2017-02-20 21:03:43,309 - org.eclipse.andmore.overlay - 0.5.0.201605181018
2017-02-20 21:03:43,311 - org.apache.commons.codec - 1.6.0.v201305230611
2017-02-20 21:03:43,312 - org.apache.commons.compress - 1.6.0.v201310281400
2017-02-20 21:03:43,313 - org.apache.httpcomponents.httpclient - 4.3.6.v201411290715
2017-02-20 21:03:43,314 - org.apache.httpcomponents.httpcore - 4.3.3.v201411290715
2017-02-20 21:03:43,331 - org.eclipse.datatools.modelbase.dbdefinition - 1.0.2.v201107221519
2017-02-20 21:03:43,331 - org.eclipse.datatools.modelbase.sql.edit - 1.0.2.v201208230744
2017-02-20 21:03:43,332 - org.eclipse.datatools.modelbase.sql.query - 1.1.4.v201212120619
2017-02-20 21:03:43,333 - org.eclipse.datatools.modelbase.sql.query.edit - 1.0.1.v201110151245
2017-02-20 21:03:43,333 - org.eclipse.datatools.modelbase.sql.xml.query - 1.0.2.v201201131123
2017-02-20 21:03:43,333 - org.eclipse.datatools.modelbase.sql - 1.0.6.v201208230744
2017-02-20 21:03:43,360 - org.eclipse.emf.mapping - 2.8.0.v20150123-0452
2017-02-20 21:03:43,377 - org.eclipse.emf.ecore - 2.10.2.v20150123-0348
2017-02-20 21:03:43,378 - org.eclipse.emf.ecore.change - 2.10.0.v20150123-0348
2017-02-20 21:03:43,379 - org.eclipse.emf.ecore.xmi - 2.10.2.v20150123-0348
2017-02-20 21:03:43,398 - ContextQuickie - 0.6.3.201610111738
2017-02-20 21:03:43,432 - org.eclipse.jgit - 3.4.2.201412180340-r
2017-02-20 21:03:43,433 - org.eclipse.jgit.archive - 3.4.2.201412180340-r
2017-02-20 21:03:43,433 - com.jcraft.jsch - 0.1.51.v201410302000
2017-02-20 21:03:43,434 - javaewah - 0.7.9.v201401101600
2017-02-20 21:03:43,434 - org.apache.commons.compress - 1.6.0.v201310281400
2017-02-20 21:03:43,452 - org.eclipse.mylyn.wikitext.core - 2.3.2.v20150217-2315
2017-02-20 21:03:43,452 - org.eclipse.mylyn.wikitext.core.ant - 2.3.2.v20150217-2315
2017-02-20 21:03:43,453 - org.eclipse.mylyn.wikitext.core.osgi - 2.3.2.v20150217-2315
2017-02-20 21:03:43,453 - org.eclipse.mylyn.wikitext.textile.core - 2.3.2.v20150217-2315
2017-02-20 21:03:43,454 - org.eclipse.mylyn.wikitext.html.core - 2.3.2.v20150217-2315
2017-02-20 21:03:43,454 - org.eclipse.mylyn.wikitext.markdown.core - 2.3.2.v20150217-2315
2017-02-20 21:03:43,455 - org.eclipse.mylyn.wikitext.mediawiki.core - 2.3.2.v20150217-2315
2017-02-20 21:03:43,455 - org.eclipse.mylyn.wikitext.confluence.core - 2.3.2.v20150217-2315
2017-02-20 21:03:43,456 - org.eclipse.mylyn.wikitext.tracwiki.core - 2.3.2.v20150217-2315
2017-02-20 21:03:43,456 - org.eclipse.mylyn.wikitext.twiki.core - 2.3.2.v20150217-2315
2017-02-20 21:03:43,457 - org.eclipse.mylyn.wikitext.ui - 2.3.2.v20150217-2315
2017-02-20 21:03:43,457 - org.eclipse.mylyn.wikitext.help.ui - 2.3.2.v20150217-2315
2017-02-20 21:03:43,458 - org.eclipse.mylyn.wikitext.textile.ui - 2.3.2.v20150217-2315
2017-02-20 21:03:43,458 - org.eclipse.mylyn.wikitext.markdown.ui - 2.3.2.v20150217-2315
2017-02-20 21:03:43,459 - org.eclipse.mylyn.wikitext.mediawiki.ui - 2.3.2.v20150217-2315
2017-02-20 21:03:43,459 - org.eclipse.mylyn.wikitext.confluence.ui - 2.3.2.v20150217-2315
2017-02-20 21:03:43,460 - org.eclipse.mylyn.wikitext.tracwiki.ui - 2.3.2.v20150217-2315
2017-02-20 21:03:43,460 - org.eclipse.mylyn.wikitext.twiki.ui - 2.3.2.v20150217-2315
2017-02-20 21:03:43,461 - org.eclipse.mylyn.wikitext.tasks.ui - 2.3.2.v20150217-2315
2017-02-20 21:03:43,462 - org.eclipse.mylyn.wikitext.context.ui - 2.3.2.v20150217-2315
2017-02-20 21:03:43,482 - org.eclipse.emf.mapping.ecore.editor - 2.6.0.v20150123-0452
2017-02-20 21:03:43,483 - org.eclipse.emf.mapping.ecore2ecore.editor - 2.7.0.v20150123-0452
2017-02-20 21:03:43,483 - org.eclipse.emf.mapping.ecore2xml.ui - 2.7.0.v20150123-0452
2017-02-20 21:03:43,523 - org.apache.ant - 1.9.2.v201404171502
2017-02-20 21:03:43,524 - org.eclipse.ant.core - 3.3.1.v20150123-1553
2017-02-20 21:03:43,524 - com.jcraft.jsch - 0.1.51.v201410302000
2017-02-20 21:03:43,524 - org.eclipse.compare.core - 3.5.400.v20130903-0736
2017-02-20 21:03:43,525 - org.eclipse.compare - 3.5.501.v20140817-1445
2017-02-20 21:03:43,525 - org.eclipse.compare.win32 - 1.0.200.v20130514-1224
2017-02-20 21:03:43,526 - org.eclipse.core.filebuffers - 3.5.400.v20140127-1516
2017-02-20 21:03:43,527 - org.eclipse.core.filesystem - 1.4.100.v20140514-1614
2017-02-20 21:03:43,527 - org.eclipse.core.net - 1.2.200.v20140124-2013
2017-02-20 21:03:43,527 - org.eclipse.core.net.win32.x86_64 - 1.0.100.v20140124-2013
2017-02-20 21:03:43,528 - org.eclipse.core.resources - 3.9.1.v20140825-1431
2017-02-20 21:03:43,529 - org.eclipse.core.runtime.compatibility - 3.2.200.v20140128-0851
2017-02-20 21:03:43,556 - org.eclipse.core.runtime.compatibility.registry - 3.5.300.v20140128-0851
2017-02-20 21:03:43,556 - org.eclipse.osgi.util - 3.3.0.v20131023-1243
2017-02-20 21:03:43,557 - org.eclipse.debug.core - 3.9.1.v20140805-1629
2017-02-20 21:03:43,558 - org.eclipse.debug.ui - 3.10.2.v20141014-1039
2017-02-20 21:03:43,558 - org.eclipse.equinox.event - 1.3.100.v20140115-1647
2017-02-20 21:03:43,558 - org.eclipse.ltk.core.refactoring - 3.6.101.v20140817-1500
2017-02-20 21:03:43,559 - org.eclipse.ltk.ui.refactoring - 3.7.100.v20140324-1358
2017-02-20 21:03:43,559 - org.eclipse.platform - 4.4.2.v20150204-1700
2017-02-20 21:03:43,560 - org.eclipse.platform.doc.user - 4.4.2.v20141003-1449
2017-02-20 21:03:43,560 - org.eclipse.search - 3.9.100.v20140226-1637
2017-02-20 21:03:43,561 - org.eclipse.team.core - 3.7.0.v20130514-1224
2017-02-20 21:03:43,561 - org.eclipse.team.ui - 3.7.100.v20130710-1213
2017-02-20 21:03:43,561 - org.eclipse.text - 3.5.300.v20130515-1451
2017-02-20 21:03:43,561 - org.eclipse.jface.text - 3.9.2.v20141003-1326
2017-02-20 21:03:43,562 - org.eclipse.jsch.core - 1.1.500.v20131112-1442
2017-02-20 21:03:43,562 - org.eclipse.jsch.ui - 1.1.500.v20131112-1442
2017-02-20 21:03:43,563 - org.eclipse.ui.console - 3.5.300.v20140424-1437
2017-02-20 21:03:43,563 - org.eclipse.ui.intro - 3.4.200.v20130326-1254
2017-02-20 21:03:43,563 - org.eclipse.ui.intro.universal - 3.2.701.v20150204-1123
2017-02-20 21:03:43,564 - org.eclipse.ui.cheatsheets - 3.4.200.v20131227-1524
2017-02-20 21:03:43,564 - org.eclipse.ui.browser - 3.4.200.v20131003-1453
2017-02-20 21:03:43,565 - org.eclipse.ui.navigator - 3.5.401.v20140724-1117
2017-02-20 21:03:43,565 - org.eclipse.ui.navigator.resources - 3.4.700.v20140407-1004
2017-02-20 21:03:43,566 - org.eclipse.ui.net - 1.2.200.v20120807-0927
2017-02-20 21:03:43,566 - org.eclipse.ui.workbench.texteditor - 3.9.0.v20140411-1521
2017-02-20 21:03:43,567 - org.eclipse.ui.views - 3.7.0.v20140408-0703
2017-02-20 21:03:43,567 - org.eclipse.ui.editors - 3.8.200.v20140401-1310
2017-02-20 21:03:43,567 - org.eclipse.ui.externaltools - 3.2.300.v20140327-1949
2017-02-20 21:03:43,568 - org.eclipse.ui.ide - 3.10.2.v20141118-1227
2017-02-20 21:03:43,569 - org.eclipse.ui.ide.application - 1.0.501.v20141111-1238
2017-02-20 21:03:43,569 - org.eclipse.ui.win32 - 3.2.400.v20140423-2207
2017-02-20 21:03:43,569 - org.eclipse.core.resources.win32.x86_64 - 3.5.0.v20140124-1940
2017-02-20 21:03:43,569 - org.eclipse.core.filesystem.win32.x86_64 - 1.4.0.v20140124-1940
2017-02-20 21:03:43,570 - org.eclipse.core.variables - 3.2.800.v20130819-1716
2017-02-20 21:03:43,570 - org.eclipse.ui.forms - 3.6.100.v20140422-1825
2017-02-20 21:03:43,571 - org.eclipse.ui.views.properties.tabbed - 3.6.0.v20140519-0906
2017-02-20 21:03:43,571 - org.eclipse.equinox.security - 1.2.0.v20130424-1801
2017-02-20 21:03:43,571 - org.eclipse.equinox.security.ui - 1.1.200.v20130626-2037
2017-02-20 21:03:43,571 - org.eclipse.equinox.security.win32.x86_64 - 1.0.100.v20130327-1442
2017-02-20 21:03:43,572 - org.eclipse.core.externaltools - 1.0.300.v20140219-0051
2017-02-20 21:03:43,572 - org.eclipse.ui.themes - 1.0.1.v20141126-1957
2017-02-20 21:03:43,572 - org.eclipse.core.filesystem.java7 - 1.0.0.v20140429-1531
2017-02-20 21:03:43,597 - org.eclipse.mylyn.discovery.core - 3.14.2.v20150217-2244
2017-02-20 21:03:43,597 - org.eclipse.mylyn.discovery.ui - 3.14.2.v20150217-2244
2017-02-20 21:03:43,614 - org.eclipse.emf.ecore.edit - 2.9.0.v20150123-0452
2017-02-20 21:03:43,615 - org.eclipse.emf.ecore.change.edit - 2.6.0.v20150123-0452
2017-02-20 21:03:43,639 - org.eclipse.sequoyah.vnc.protocol - 2.1.0.N20120718-0509
2017-02-20 21:03:43,654 - org.eclipse.mylyn.versions.core - 1.6.2.v20150217-2249
2017-02-20 21:03:43,655 - org.eclipse.mylyn.versions.ui - 1.6.2.v20150217-2249
2017-02-20 21:03:43,671 - org.eclipse.emf.mapping.ecore - 2.6.0.v20150123-0452
2017-02-20 21:03:43,672 - org.eclipse.emf.mapping.ecore2ecore - 2.8.0.v20150123-0452
2017-02-20 21:03:43,672 - org.eclipse.emf.mapping.ecore2xml - 2.8.0.v20150123-0452
2017-02-20 21:03:43,694 - org.eclipse.andmore.traceview - 0.5.0.201605181018
2017-02-20 21:03:43,708 - org.eclipse.sequoyah.localization.android - 2.1.0.N20120718-0509
2017-02-20 21:03:43,709 - org.eclipse.sequoyah.localization.android.help - 2.1.1.N20120718-0509
2017-02-20 21:03:43,728 - org.eclipse.team.svn.mylyn.sources - 4.0.0.I20160226-1700
2017-02-20 21:03:43,749 - org.eclipse.m2e.logback.configuration - 1.5.1.20150109-1820
2017-02-20 21:03:43,750 - org.eclipse.m2e.logback.appender - 1.5.1.20150109-1820
2017-02-20 21:03:43,770 - org.eclipse.emf.codegen - 2.10.0.v20150123-0452
2017-02-20 21:03:43,785 - org.eclipse.wst.dtd.ui - 1.0.801.v201308100602
2017-02-20 21:03:43,786 - org.eclipse.wst.dtd.ui.infopop - 1.0.400.v201309112106
2017-02-20 21:03:43,787 - org.eclipse.wst.sse.ui.infopop - 1.0.300.v201309112106
2017-02-20 21:03:43,787 - org.eclipse.wst.xml.ui.infopop - 1.0.400.v201309112106
2017-02-20 21:03:43,788 - org.eclipse.wst.sse.ui - 1.3.301.v201501151629
2017-02-20 21:03:43,788 - org.eclipse.wst.xml.ui - 1.1.501.v201501212057
2017-02-20 21:03:43,789 - org.eclipse.wst.xsd.ui - 1.2.500.v201208081537
2017-02-20 21:03:43,810 - org.eclipse.datatools.doc.user - 1.7.0.20090521092446
2017-02-20 21:03:43,811 - org.eclipse.datatools.oda.cshelp - 1.1.2.v201309200751
2017-02-20 21:03:43,811 - org.eclipse.datatools.help - 1.5.0.v200906020553
2017-02-20 21:03:43,833 - org.eclipse.emf - 2.6.0.v20150123-0452
2017-02-20 21:03:43,849 - org.eclipse.wb.layout.group - 1.7.0.r44x201405021517
2017-02-20 21:03:43,864 - org.eclipse.mylyn.tasks.bugs - 3.14.2.v20150217-2341
2017-02-20 21:03:43,864 - org.eclipse.mylyn.help.ui - 3.14.2.v20150217-2341
2017-02-20 21:03:43,886 - org.eclipse.draw2d - 3.10.100.201606061308
2017-02-20 21:03:43,910 - org.eclipse.emf.edit - 2.10.1.v20150123-0452
2017-02-20 21:03:43,933 - org.eclipse.team.svn.m2e - 4.0.0.I20160226-1700
2017-02-20 21:03:43,947 - org.eclipse.mylyn.commons.core - 3.14.2.v20150217-2244
2017-02-20 21:03:43,948 - org.eclipse.mylyn.commons.screenshots - 3.14.2.v20150217-2244
2017-02-20 21:03:43,948 - org.eclipse.mylyn.commons.ui - 3.14.2.v20150217-2244
2017-02-20 21:03:43,949 - org.eclipse.mylyn.commons.workbench - 3.14.2.v20150217-2244
2017-02-20 21:03:43,966 - org.eclipse.mylyn.team.cvs - 3.14.2.v20150218-0125
2017-02-20 21:03:43,967 - org.eclipse.mylyn.bugzilla.ide - 3.14.2.v20150218-0125
2017-02-20 21:03:43,968 - org.eclipse.mylyn.ide.ui - 3.14.2.v20150218-0125
2017-02-20 21:03:43,991 - org.eclipse.emf.databinding.edit - 1.3.0.v20150123-0452
2017-02-20 21:03:44,034 - org.eclipse.emf.codegen.ecore - 2.10.2.v20150123-0452
2017-02-20 21:03:44,034 - org.eclipse.emf.ant - 2.8.0.v20150123-0452
2017-02-20 21:03:44,073 - org.eclipse.m2e.archetype.common - 1.5.1.20150109-1819
2017-02-20 21:03:44,103 - org.eclipse.m2e.maven.indexer - 1.5.1.20150109-1819
2017-02-20 21:03:44,104 - org.eclipse.m2e.model.edit - 1.5.1.20150109-1820
2017-02-20 21:03:44,104 - org.eclipse.m2e.core - 1.5.1.20150109-1820
2017-02-20 21:03:44,104 - org.eclipse.m2e.launching - 1.5.1.20150109-1820
2017-02-20 21:03:44,105 - org.eclipse.m2e.jdt - 1.5.1.20150109-1820
2017-02-20 21:03:44,106 - org.eclipse.m2e.editor - 1.5.1.20150109-1820
2017-02-20 21:03:44,106 - org.eclipse.m2e.editor.xml - 1.5.1.20150109-1820
2017-02-20 21:03:44,156 - org.eclipse.m2e.maven.runtime - 1.5.1.20150109-1819
2017-02-20 21:03:44,164 - org.eclipse.m2e.maven.runtime.slf4j.simple - 1.5.1.20150109-1819
2017-02-20 21:03:44,165 - org.eclipse.m2e.refactoring - 1.5.1.20150109-1820
2017-02-20 21:03:44,165 - org.eclipse.m2e.lifecyclemapping.defaults - 1.5.1.20150109-1820
2017-02-20 21:03:44,165 - org.eclipse.m2e.discovery - 1.5.1.20150109-1820
2017-02-20 21:03:44,166 - org.eclipse.m2e.core.ui - 1.5.1.20150109-1820
2017-02-20 21:03:44,167 - org.eclipse.m2e.scm - 1.5.1.20150109-1820
2017-02-20 21:03:44,167 - org.eclipse.m2e.jdt.ui - 1.5.1.20150109-1820
2017-02-20 21:03:44,167 - org.eclipse.m2e.profiles.core - 1.5.1.20150109-1820
2017-02-20 21:03:44,168 - org.eclipse.m2e.profiles.ui - 1.5.1.20150109-1820
2017-02-20 21:03:44,179 - org.eclipse.andmore.ndk - 0.5.0.201605181018
2017-02-20 21:03:44,201 - org.eclipse.andmore.gldebugger - 0.5.0.201605181018
2017-02-20 21:03:44,220 - org.eclipse.mylyn.hudson.core - 1.6.2.v20150218-0552
2017-02-20 21:03:44,221 - org.eclipse.mylyn.hudson.ui - 1.6.2.v20150218-0552
2017-02-20 21:03:44,235 - org.eclipse.epp.mpc.core - 1.3.2.v20141216-2136
2017-02-20 21:03:44,236 - org.eclipse.epp.mpc.ui - 1.3.2.v20150204-1930
2017-02-20 21:03:44,236 - org.eclipse.epp.mpc.help.ui - 1.3.2.v20141006-1249
2017-02-20 21:03:44,255 - org.eclipse.datatools.connectivity.oda.consumer - 3.2.6.v201403131814
2017-02-20 21:03:44,256 - org.eclipse.datatools.connectivity.oda.design - 3.3.6.v201403131814
2017-02-20 21:03:44,256 - org.eclipse.datatools.connectivity.oda.profile - 3.2.9.v201403131814
2017-02-20 21:03:44,256 - org.eclipse.datatools.connectivity.oda - 3.4.3.v201405301249
2017-02-20 21:03:44,256 - org.eclipse.datatools.connectivity - 1.2.11.v201401230755
2017-02-20 21:03:44,276 - org.eclipse.mylyn.git.core - 1.6.2.v20150217-2249
2017-02-20 21:03:44,277 - org.eclipse.mylyn.git.ui - 1.6.2.v20150217-2249
2017-02-20 21:03:44,301 - org.eclipse.andmore.android.certmanager - 0.5.0.201605181018
2017-02-20 21:03:44,320 - org.eclipse.epp.package.java - 4.4.2.20150219-0708
2017-02-20 21:03:44,336 - org.eclipse.cdt.gdb - 7.0.0.201502131403
2017-02-20 21:03:44,337 - org.eclipse.cdt.gdb.ui - 7.0.0.201502131403
2017-02-20 21:03:44,351 - org.eclipse.sequoyah.localization.tools - 2.1.0.N20120718-0509
2017-02-20 21:03:44,352 - org.eclipse.sequoyah.localization.editor - 2.1.0.N20120718-0509
2017-02-20 21:03:44,372 - org.eclipse.pde - 3.10.1.v20150204-1700
2017-02-20 21:03:44,393 - org.eclipse.pde.build - 3.9.0.v20140415-2029
2017-02-20 21:03:44,393 - org.eclipse.pde.core - 3.10.2.v20150127-1015
2017-02-20 21:03:44,394 - org.eclipse.pde.junit.runtime - 3.4.400.v20140204-1740
2017-02-20 21:03:44,395 - org.eclipse.pde.runtime - 3.4.400.v20140512-1555
2017-02-20 21:03:44,396 - org.eclipse.pde.ui - 3.8.101.v20141001-1400
2017-02-20 21:03:44,397 - org.eclipse.pde.doc.user - 3.10.2.v20150202-1407
2017-02-20 21:03:44,399 - org.eclipse.pde.ui.templates - 3.4.800.v20140410-2009
2017-02-20 21:03:44,399 - org.eclipse.ui.views.log - 1.0.500.v20140512-1221
2017-02-20 21:03:44,399 - org.objectweb.asm - 5.0.1.v201404251740
2017-02-20 21:03:44,400 - org.objectweb.asm.tree - 5.0.1.v201404251740
2017-02-20 21:03:44,400 - org.eclipse.pde.api.tools - 1.0.600.v20140520-1809
2017-02-20 21:03:44,401 - org.eclipse.pde.api.tools.annotations - 1.0.0.v20140602-1527
2017-02-20 21:03:44,401 - org.eclipse.pde.api.tools.ui - 1.0.501.v20140808-0849
2017-02-20 21:03:44,402 - org.eclipse.pde.ds.core - 1.0.300.v20140204-1740
2017-02-20 21:03:44,402 - org.eclipse.pde.ds.ui - 1.0.300.v20140204-1740
2017-02-20 21:03:44,402 - org.eclipse.pde.launching - 3.6.200.v20140521-1231
2017-02-20 21:03:44,403 - org.eclipse.pde.ua.core - 1.0.301.v20140702-1823
2017-02-20 21:03:44,403 - org.eclipse.pde.ua.ui - 1.0.300.v20140307-1548
2017-02-20 21:03:44,404 - org.eclipse.ui.trace - 1.0.201.v20140702-1807
2017-02-20 21:03:44,423 - net.sourceforge.lpg.lpgjavaruntime - 1.1.0.v201004271650
2017-02-20 21:03:44,424 - org.eclipse.datatools.sqltools.parsers.sql.lexer - 1.0.1.v201107221520
2017-02-20 21:03:44,424 - org.eclipse.datatools.sqltools.parsers.sql.query - 1.2.1.v201201250511
2017-02-20 21:03:44,424 - org.eclipse.datatools.sqltools.parsers.sql.xml.query - 1.0.0.v201107221520
2017-02-20 21:03:44,425 - org.eclipse.datatools.sqltools.parsers.sql - 1.0.2.v201107221520
2017-02-20 21:03:44,443 - org.eclipse.mylyn.java.ui - 3.14.2.v20150218-0125
2017-02-20 21:03:44,444 - org.eclipse.mylyn.java.tasks - 3.14.2.v20150218-0125
2017-02-20 21:03:44,444 - org.eclipse.mylyn.ide.ui - 3.14.2.v20150218-0125
2017-02-20 21:03:44,445 - org.eclipse.mylyn.ide.ant - 3.14.2.v20150218-0125
2017-02-20 21:03:44,445 - org.eclipse.mylyn.debug.ui - 3.14.2.v20150218-0125
2017-02-20 21:03:44,470 - org.eclipse.team.svn - 4.0.4.I20170216-1700
2017-02-20 21:03:44,471 - org.eclipse.team.svn.core - 4.0.3.I20161129-1700
2017-02-20 21:03:44,472 - org.eclipse.team.svn.ui - 4.0.4.I20170216-1700
2017-02-20 21:03:44,472 - org.eclipse.team.svn.ui.startup - 4.0.0.I20160226-1700
2017-02-20 21:03:44,473 - org.eclipse.team.svn.help - 4.0.3.I20161129-1700
2017-02-20 21:03:44,492 - org.eclipse.mylyn.team.ui - 3.14.2.v20150218-0125
2017-02-20 21:03:44,511 - org.eclipse.emf.common.ui - 2.9.0.v20150123-0452
2017-02-20 21:03:44,530 - org.eclipse.datatools.sqltools.sql - 1.0.1.v201110050515
2017-02-20 21:03:44,530 - org.eclipse.datatools.sqltools.common.ui - 1.0.1.v201212120623
2017-02-20 21:03:44,530 - org.eclipse.datatools.sqltools.plan - 1.0.0.v201107221520
2017-02-20 21:03:44,530 - org.eclipse.datatools.sqltools.editor.core - 1.0.3.v201212120623
2017-02-20 21:03:44,530 - org.eclipse.datatools.sqltools.sqleditor - 1.0.4.v201212120623
2017-02-20 21:03:44,530 - org.eclipse.datatools.sqltools.ddlgen.ui - 1.0.3.v201211200616
2017-02-20 21:03:44,531 - org.eclipse.datatools.connectivity.db.generic - 1.0.1.v201107221459
2017-02-20 21:03:44,531 - org.eclipse.datatools.sqltools.editor.core.ui - 1.0.0.v201001150815
2017-02-20 21:03:44,531 - org.eclipse.datatools.sqltools.sql.ui - 1.0.1.v201201270735
2017-02-20 21:03:44,547 - org.polarion.eclipse.team.svn.connector.svnkit18 - 6.0.4.I20161211-1700
2017-02-20 21:03:44,560 - org.eclipse.mylyn.commons.repositories.core - 1.6.2.v20150217-2244
2017-02-20 21:03:44,561 - org.eclipse.mylyn.commons.repositories.ui - 1.6.2.v20150217-2244
2017-02-20 21:03:44,585 - org.eclipse.sequoyah.device.common.utilities - 2.1.0.N20120718-0509
2017-02-20 21:03:44,602 - org.eclipse.andmore.android.common - 0.5.0.201605181018
2017-02-20 21:03:44,603 - org.eclipse.andmore.android.codeutils - 0.5.0.201605181018
2017-02-20 21:03:44,604 - org.eclipse.andmore.android.translation - 0.5.0.201605181018
2017-02-20 21:03:44,604 - org.eclipse.andmore.android.codesnippets - 0.5.0.201605181018
2017-02-20 21:03:44,605 - org.eclipse.andmore.android.db.core - 0.5.0.201605181018
2017-02-20 21:03:44,605 - org.eclipse.andmore.android.logger - 0.5.0.201605181018
2017-02-20 21:03:44,606 - org.eclipse.andmore.android - 0.5.0.201605181018
2017-02-20 21:03:44,606 - org.eclipse.andmore.android.emulator - 0.5.0.201605181018
2017-02-20 21:03:44,607 - org.eclipse.andmore.android.launch - 0.5.0.201605181018
2017-02-20 21:03:44,607 - org.eclipse.andmore.android.packaging.ui - 0.5.0.201605181018
2017-02-20 21:03:44,608 - org.eclipse.andmore.android.handset - 0.5.0.201605181018
2017-02-20 21:03:44,608 - org.eclipse.andmore.android.remote - 0.5.0.201605181018
2017-02-20 21:03:44,608 - org.eclipse.andmore.android.win32.x86_64 - 0.5.0.201605181018
2017-02-20 21:03:44,608 - org.eclipse.andmore.android.mat - 0.5.0.201605181018
2017-02-20 21:03:44,609 - org.eclipse.andmore.android.devices.services - 0.5.0.201605181018
2017-02-20 21:03:44,610 - org.eclipse.andmore.android.db.devices - 0.5.0.201605181018
2017-02-20 21:03:44,610 - org.eclipse.andmore.android.installer - 0.5.0.201605181018
2017-02-20 21:03:44,611 - org.eclipse.andmore.android.logger.collector - 0.5.0.201605181018
2017-02-20 21:03:44,635 - org.eclipse.emf.mapping.ui - 2.6.0.v20150123-0452
2017-02-20 21:03:44,650 - org.eclipse.mylyn.monitor.core - 3.14.2.v20150217-2244
2017-02-20 21:03:44,650 - org.eclipse.mylyn.monitor.ui - 3.14.2.v20150217-2244
2017-02-20 21:03:44,665 - org.eclipse.team.svn.revision.graph.sources - 4.0.0.I20160226-1700
2017-02-20 21:03:44,685 - org.eclipse.datatools.connectivity.oda.template.ui - 3.2.5.v201403131814
2017-02-20 21:03:44,707 - org.eclipse.sequoyah.vnc.vncviewer - 2.1.0.N20120718-0509
2017-02-20 21:03:44,718 - org.eclipse.team.svn.nl1.sources - 4.0.0.I20160226-1700
2017-02-20 21:03:44,739 - org.polarion.eclipse.team.svn.connector - 6.0.4.I20161211-1700
2017-02-20 21:03:44,763 - org.eclipse.emf.codegen.ecore.ui - 2.10.0.v20150123-0452
2017-02-20 21:03:44,783 - org.eclipse.emf.ecore.editor - 2.10.1.v20150123-0452
2017-02-20 21:03:44,805 - org.eclipse.wb.core.ui - 1.7.0.r44x201405021455
2017-02-20 21:03:44,825 - org.eclipse.mylyn.builds.core - 1.6.2.v20150218-0552
2017-02-20 21:03:44,825 - org.eclipse.mylyn.builds.ui - 1.6.2.v20150218-0552
2017-02-20 21:03:44,848 - org.eclipse.mylyn.context.core - 3.14.2.v20150218-0125
2017-02-20 21:03:44,849 - org.eclipse.mylyn.context.ui - 3.14.2.v20150218-0125
2017-02-20 21:03:44,849 - org.eclipse.mylyn.resources.ui - 3.14.2.v20150218-0125
2017-02-20 21:03:44,850 - org.eclipse.mylyn.context.tasks.ui - 3.14.2.v20150218-0125
2017-02-20 21:03:44,874 - org.eclipse.emf.databinding - 1.3.0.v20150123-0452
2017-02-20 21:03:44,901 - org.eclipse.wb.swing - 1.7.0.r44x201405021531
2017-02-20 21:03:44,912 - org.eclipse.wb.swing.FormLayout.lib - 1.7.0.r44x201405021531
2017-02-20 21:03:44,913 - org.eclipse.wb.swing.FormLayout - 1.7.0.r44x201405021531
2017-02-20 21:03:44,915 - org.eclipse.wb.swing.MigLayout.lib - 1.7.0.r44x201405021531
2017-02-20 21:03:44,916 - org.eclipse.wb.swing.MigLayout - 1.7.0.r44x201405021531
2017-02-20 21:03:44,916 - org.eclipse.wb.swing.databinding - 1.7.0.r44x201405021531
2017-02-20 21:03:44,917 - org.eclipse.wb.swing.jsr296 - 1.7.0.r44x201405021531
2017-02-20 21:03:44,917 - org.eclipse.wb.swing.java6 - 1.7.0.r44x201405021531
2017-02-20 21:03:44,936 - org.eclipse.datatools.connectivity.sqm.core.ui - 1.2.3.v201212070447
2017-02-20 21:03:44,936 - org.eclipse.datatools.connectivity.sqm.core - 1.2.8.v201401230755
2017-02-20 21:03:44,937 - org.eclipse.datatools.connectivity.sqm.server.ui - 1.1.101.v201212070447
2017-02-20 21:03:44,937 - org.eclipse.datatools.connectivity.ui.dse - 1.1.5.v201212070447
2017-02-20 21:03:44,937 - org.eclipse.datatools.connectivity.ui - 1.2.4.v201212070447
2017-02-20 21:03:44,937 - org.eclipse.datatools.connectivity - 1.2.11.v201401230755
2017-02-20 21:03:44,937 - org.eclipse.datatools.help - 1.5.0.v200906020553
2017-02-20 21:03:44,937 - org.eclipse.datatools.connectivity.console.profile - 1.0.10.v201109250955
2017-03-21 13:01:24,146 - os.name - Windows 8.1
2017-03-21 13:01:24,161 - os.arch - amd64
2017-03-21 13:01:24,161 - os.version - 6.3
2017-03-21 13:01:24,161 - java.version - 1.8.0_60
2017-03-21 13:01:24,161 - java.vendor - Oracle Corporation
2017-03-21 13:01:24,161 - java.vendor.url - http://java.oracle.com/
2017-03-21 13:01:24,161 - java.home - C:\Program Files\Java\jre1.8.0_60
2017-03-21 13:01:24,161 - java.vm.specification.name - Java Virtual Machine Specification
2017-03-21 13:01:24,161 - java.vm.specification.vendor - Oracle Corporation
2017-03-21 13:01:24,161 - java.vm.specification.version - 1.8
2017-03-21 13:01:24,161 - java.class.path - C:\Users\Jared\eclipse\\plugins/org.eclipse.equinox.launcher_1.3.0.v20140415-2008.jar
2017-03-21 13:01:24,161 - java.library.path - C:\ProgramData\Oracle\Java\javapath;C:\Windows\Sun\Java\bin;C:\Windows\system32;C:\Windows;C:\Oracle\product\11.2.0\dbhome_2\bin;C:\Oracle\product\11.2.0\dbhome_1\bin;C:\ProgramData\Oracle\Java\javapath;C:\Program Files (x86)\Intel\iCLS Client\;C:\Program Files\Intel\iCLS Client\;C:\Windows\system32;C:\Windows;C:\Windows\System32\Wbem;C:\Windows\System32\WindowsPowerShell\v1.0\;C:\Program Files\Intel\Intel(R) Management Engine Components\DAL;C:\Program Files (x86)\Intel\Intel(R) Management Engine Components\DAL;C:\Program Files\Intel\Intel(R) Management Engine Components\IPT;C:\Program Files (x86)\Intel\Intel(R) Management Engine Components\IPT;C:\Program Files\Intel\WiFi\bin\;C:\Program Files\Common Files\Intel\WirelessCommon\;C:\Program Files (x86)\Skype\Phone\;C:\Program Files (x86)\NVIDIA Corporation\PhysX\Common;C:\Program Files (x86)\Windows Live\Shared;C:\Program Files\TortoiseSVN\bin;C:\Program Files\PuTTY\;.
2017-03-21 13:01:24,161 - --------------------------------------
2017-03-21 13:01:24,161 - ## Eclipse Plug-ins Log Information ##
2017-03-21 13:01:24,161 - --------------------------------------
2017-03-21 13:01:24,171 - org.eclipse.team.svn.revision.graph - 4.0.0.I20160226-1700
2017-03-21 13:01:24,178 - javax.el - 2.2.0.v201303151357
2017-03-21 13:01:24,179 - javax.servlet - 3.0.0.v201112011016
2017-03-21 13:01:24,181 - javax.servlet.jsp - 2.2.0.v201112011158
2017-03-21 13:01:24,186 - com.sun.el - 2.2.0.v201303151357
2017-03-21 13:01:24,187 - org.apache.commons.logging - 1.1.1.v201101211721
2017-03-21 13:01:24,188 - org.apache.jasper.glassfish - 2.2.2.v201501141630
2017-03-21 13:01:24,191 - org.apache.lucene.analysis - 3.5.0.v20120725-1805
2017-03-21 13:01:24,192 - org.apache.lucene.core - 3.5.0.v20120725-1805
2017-03-21 13:01:24,193 - org.eclipse.equinox.http.jetty - 3.0.200.v20131021-1843
2017-03-21 13:01:24,194 - org.eclipse.equinox.http.registry - 1.1.300.v20130402-1529
2017-03-21 13:01:24,194 - org.eclipse.equinox.http.servlet - 1.1.500.v20140318-1755
2017-03-21 13:01:24,195 - org.eclipse.equinox.jsp.jasper - 1.0.400.v20130327-1442
2017-03-21 13:01:24,196 - org.eclipse.equinox.jsp.jasper.registry - 1.0.300.v20130327-1442
2017-03-21 13:01:24,198 - org.eclipse.help.base - 4.0.201.v20150204-1700
2017-03-21 13:01:24,199 - org.eclipse.help.ui - 4.0.100.v20140401-0608
2017-03-21 13:01:24,200 - org.eclipse.help.webapp - 3.6.301.v20150115-1843
2017-03-21 13:01:24,202 - org.eclipse.jetty.continuation - 8.1.16.v20140903
2017-03-21 13:01:24,203 - org.eclipse.jetty.http - 8.1.16.v20140903
2017-03-21 13:01:24,204 - org.eclipse.jetty.io - 8.1.16.v20140903
2017-03-21 13:01:24,206 - org.eclipse.jetty.security - 8.1.16.v20140903
2017-03-21 13:01:24,207 - org.eclipse.jetty.server - 8.1.16.v20140903
2017-03-21 13:01:24,208 - org.eclipse.jetty.servlet - 8.1.16.v20140903
2017-03-21 13:01:24,210 - org.eclipse.jetty.util - 8.1.16.v20140903
2017-03-21 13:01:24,211 - org.eclipse.core.net - 1.2.200.v20140124-2013
2017-03-21 13:01:24,212 - org.eclipse.equinox.security - 1.2.0.v20130424-1801
2017-03-21 13:01:24,218 - org.eclipse.wb.os - 1.7.0.r44x201405021445
2017-03-21 13:01:24,219 - org.eclipse.wb.runtime - 1.7.0.r44x201405021445
2017-03-21 13:01:24,222 - org.eclipse.wb.runtime.lib - 1.7.0.r44x201405021445
2017-03-21 13:01:24,225 - org.eclipse.wb.core - 1.7.0.r44x201405021445
2017-03-21 13:01:24,246 - org.eclipse.wb.core.lib - 1.7.0.r44x201405021445
2017-03-21 13:01:24,247 - org.eclipse.wb.os.win32 - 1.7.0.r44x201405021445
2017-03-21 13:01:24,251 - org.eclipse.mylyn.bugzilla.core - 3.14.2.v20150217-2341
2017-03-21 13:01:24,252 - org.eclipse.mylyn.bugzilla.ui - 3.14.2.v20150217-2341
2017-03-21 13:01:24,257 - org.eclipse.andmore.hierarchyviewer - 0.5.0.201605181018
2017-03-21 13:01:24,262 - org.eclipse.sequoyah.device.backward - 2.1.0.N20120718-0509
2017-03-21 13:01:24,263 - org.eclipse.sequoyah.device.framework - 2.1.0.N20120718-0509
2017-03-21 13:01:24,263 - org.eclipse.sequoyah.device.framework.ui - 2.1.0.N20120718-0509
2017-03-21 13:01:24,264 - org.eclipse.sequoyah.device.service.start - 2.1.0.N20120718-0509
2017-03-21 13:01:24,265 - org.eclipse.sequoyah.device.service.stop - 2.1.0.N20120718-0509
2017-03-21 13:01:24,266 - org.eclipse.sequoyah.device.framework.wizard - 2.1.0.N20120718-0509
2017-03-21 13:01:24,270 - org.eclipse.mylyn.tasks.core - 3.14.2.v20150217-2341
2017-03-21 13:01:24,270 - org.eclipse.mylyn.tasks.index.core - 3.14.2.v20150217-2341
2017-03-21 13:01:24,271 - org.eclipse.mylyn.tasks.index.ui - 3.14.2.v20150217-2341
2017-03-21 13:01:24,272 - org.eclipse.mylyn.tasks.search - 3.14.2.v20150217-2341
2017-03-21 13:01:24,273 - org.eclipse.mylyn.tasks.ui - 3.14.2.v20150217-2341
2017-03-21 13:01:24,277 - org.eclipse.egit.core - 3.4.2.201412180340-r
2017-03-21 13:01:24,278 - org.eclipse.egit.ui - 3.4.2.201412180340-r
2017-03-21 13:01:24,279 - org.eclipse.egit - 3.4.2.201412180340-r
2017-03-21 13:01:24,280 - org.eclipse.egit.doc - 3.4.2.201412180340-r
2017-03-21 13:01:24,288 - org.eclipse.aether.maven - 3.1.0.v20140706-2237
2017-03-21 13:01:24,292 - org.eclipse.gef - 3.11.0.201606061308
2017-03-21 13:01:24,297 - org.eclipse.mylyn.commons.identity.core - 1.6.2.v20150217-2244
2017-03-21 13:01:24,301 - org.eclipse.team.svn.m2e.sources - 4.0.0.I20160226-1700
2017-03-21 13:01:24,306 - org.eclipse.emf.codegen.ui - 2.6.0.v20150123-0452
2017-03-21 13:01:24,310 - org.eclipse.datatools.enablement.sqlite - 1.0.0.v201002041100
2017-03-21 13:01:24,311 - org.eclipse.datatools.enablement.sqlite.dbdefinition - 1.0.2.v201206010441
2017-03-21 13:01:24,312 - org.eclipse.datatools.enablement.sqlite.ui - 1.0.0.v201107221507
2017-03-21 13:01:24,313 - org.eclipse.datatools.enablement.finfo - 1.5.1.v200906161800
2017-03-21 13:01:24,318 - org.eclipse.team.svn.sources - 4.0.4.I20170216-1700
2017-03-21 13:01:24,323 - org.eclipse.team.svn.mylyn - 4.0.0.I20160226-1700
2017-03-21 13:01:24,329 - org.eclipse.mylyn.commons.notifications.core - 1.6.2.v20150217-2244
2017-03-21 13:01:24,331 - org.eclipse.mylyn.commons.notifications.feed - 1.6.2.v20150217-2244
2017-03-21 13:01:24,332 - org.eclipse.mylyn.commons.notifications.ui - 1.6.2.v20150217-2244
2017-03-21 13:01:24,336 - org.eclipse.mylyn.cvs.core - 1.6.2.v20150217-2249
2017-03-21 13:01:24,340 - org.eclipse.emf.converter - 2.7.0.v20150123-0452
2017-03-21 13:01:24,341 - org.eclipse.emf.importer - 2.9.0.v20150123-0452
2017-03-21 13:01:24,342 - org.eclipse.emf.exporter - 2.7.0.v20150123-0452
2017-03-21 13:01:24,343 - org.eclipse.emf.importer.ecore - 2.8.0.v20150123-0452
2017-03-21 13:01:24,344 - org.eclipse.emf.importer.java - 2.7.0.v20150123-0452
2017-03-21 13:01:24,345 - org.eclipse.emf.importer.rose - 2.7.0.v20150123-0452
2017-03-21 13:01:24,350 - org.eclipse.emf.edit.ui - 2.10.2.v20150123-0452
2017-03-21 13:01:24,353 - org.eclipse.help - 3.6.0.v20130326-1254
2017-03-21 13:01:24,355 - org.eclipse.ui - 3.106.1.v20141002-1150
2017-03-21 13:01:24,355 - org.eclipse.ui.workbench - 3.106.2.v20150204-1030
2017-03-21 13:01:24,355 - org.eclipse.update.configurator - 3.3.300.v20140518-1928
2017-03-21 13:01:24,356 - org.eclipse.rcp - 4.4.2.v20150204-1700
2017-03-21 13:01:24,359 - org.eclipse.cvs - 1.4.100.v20150204-1700
2017-03-21 13:01:24,360 - org.eclipse.team.cvs.core - 3.3.600.v20131112-1442
2017-03-21 13:01:24,361 - org.eclipse.team.cvs.ssh2 - 3.2.400.v20131112-1442
2017-03-21 13:01:24,361 - org.eclipse.team.cvs.ui - 3.3.600.v20130514-1224
2017-03-21 13:01:24,365 - org.eclipse.recommenders.rcp - 2.1.12.v20150218-0817
2017-03-21 13:01:24,366 - org.eclipse.recommenders.apidocs - 2.1.12.v20150212-1812
2017-03-21 13:01:24,367 - org.eclipse.recommenders.apidocs.rcp - 2.1.12.v20150212-1812
2017-03-21 13:01:24,368 - org.eclipse.recommenders.calls - 2.1.12.v20150212-1812
2017-03-21 13:01:24,369 - org.eclipse.recommenders.calls.rcp - 2.1.12.v20150212-1812
2017-03-21 13:01:24,370 - org.eclipse.recommenders.chain.rcp - 2.1.12.v20150212-1812
2017-03-21 13:01:24,371 - org.eclipse.recommenders.completion.rcp - 2.1.12.v20150213-0747
2017-03-21 13:01:24,372 - org.eclipse.recommenders.injection - 2.1.12.v20150212-1812
2017-03-21 13:01:24,372 - org.eclipse.recommenders.jayes - 2.1.12.v20150212-1812
2017-03-21 13:01:24,373 - org.eclipse.recommenders.jayes.io - 2.1.12.v20150212-1812
2017-03-21 13:01:24,374 - org.eclipse.recommenders.jdt - 2.1.12.v20150212-1812
2017-03-21 13:01:24,375 - org.eclipse.recommenders.models - 2.1.12.v20150212-1812
2017-03-21 13:01:24,376 - org.eclipse.recommenders.models.rcp - 2.1.12.v20150212-1812
2017-03-21 13:01:24,377 - org.eclipse.recommenders.overrides - 2.1.12.v20150212-1812
2017-03-21 13:01:24,377 - org.eclipse.recommenders.overrides.rcp - 2.1.12.v20150212-1812
2017-03-21 13:01:24,378 - org.eclipse.recommenders.subwords.rcp - 2.1.12.v20150212-1812
2017-03-21 13:01:24,379 - org.eclipse.recommenders.utils - 2.1.12.v20150212-1812
2017-03-21 13:01:24,380 - org.eclipse.recommenders.net - 2.1.12.v20150212-1812
2017-03-21 13:01:24,384 - org.eclipse.team.svn.nl1 - 4.0.0.I20160226-1700
2017-03-21 13:01:24,384 - org.eclipse.team.svn.core.nl1 - 4.0.0.I20160226-1700
2017-03-21 13:01:24,386 - org.eclipse.team.svn.ui.nl1 - 4.0.0.I20160226-1700
2017-03-21 13:01:24,389 - org.eclipse.mylyn.commons.repositories.http.core - 1.6.2.v20150217-2244
2017-03-21 13:01:24,392 - org.eclipse.datatools.connectivity.oda.design.ui - 3.2.9.v201403131814
2017-03-21 13:01:24,393 - org.eclipse.datatools.connectivity.ui.dse - 1.1.5.v201212070447
2017-03-21 13:01:24,393 - org.eclipse.datatools.connectivity.ui - 1.2.4.v201212070447
2017-03-21 13:01:24,394 - org.eclipse.datatools.connectivity.sqm.core - 1.2.8.v201401230755
2017-03-21 13:01:24,395 - org.eclipse.datatools.help - 1.5.0.v200906020553
2017-03-21 13:01:24,397 - org.eclipse.jdt - 3.10.1.v20150204-1700
2017-03-21 13:01:24,398 - org.eclipse.ant.ui - 3.5.500.v20140521-1557
2017-03-21 13:01:24,398 - org.eclipse.jdt.apt.core - 3.3.600.v20150122-0735
2017-03-21 13:01:24,399 - org.eclipse.jdt.apt.ui - 3.3.400.v20140311-1758
2017-03-21 13:01:24,400 - org.eclipse.jdt.apt.pluggable.core - 1.0.400.v20131113-0353
2017-03-21 13:01:24,401 - org.eclipse.jdt.compiler.apt - 1.1.0.v20150122-0735
2017-03-21 13:01:24,401 - org.eclipse.jdt.compiler.tool - 1.0.300.v20150114-1827
2017-03-21 13:01:24,401 - org.eclipse.jdt.core - 3.10.2.v20150120-1634
2017-03-21 13:01:24,402 - org.eclipse.jdt.annotation - 2.0.0.v20140415-1436
2017-03-21 13:01:24,402 - org.eclipse.jdt.annotation - 2.0.0.v20140415-1436
2017-03-21 13:01:24,402 - org.eclipse.jdt.core.manipulation - 1.5.0.v20130605-1748
2017-03-21 13:01:24,403 - org.eclipse.jdt.debug.ui - 3.6.300.v20140512-1926
2017-03-21 13:01:24,406 - org.eclipse.jdt.debug - 3.8.102.v20150115-1323
2017-03-21 13:01:24,407 - org.eclipse.jdt.junit - 3.7.300.v20140418-0836
2017-03-21 13:01:24,407 - org.eclipse.jdt.junit.core - 3.7.300.v20140409-1618
2017-03-21 13:01:24,408 - org.eclipse.jdt.junit.runtime - 3.4.500.v20140527-1138
2017-03-21 13:01:24,409 - org.eclipse.jdt.junit4.runtime - 1.1.400.v20140314-0036
2017-03-21 13:01:24,409 - org.eclipse.jdt.launching - 3.7.102.v20141111-0953
2017-03-21 13:01:24,412 - org.eclipse.jdt.ui - 3.10.2.v20141014-1419
2017-03-21 13:01:24,414 - org.junit - 4.11.0.v201303080030
2017-03-21 13:01:24,414 - org.hamcrest.core - 1.3.0.v201303031735
2017-03-21 13:01:24,415 - org.eclipse.jdt.doc.user - 3.10.1.v20140827-1504
2017-03-21 13:01:24,416 - org.eclipse.ant.launching - 1.0.400.v20140518-0030
2017-03-21 13:01:24,419 - org.eclipse.emf.common - 2.10.1.v20150123-0348
2017-03-21 13:01:24,422 - org.eclipse.sequoyah.vnc.vncviewer.vncviews - 2.1.0.N20120718-0509
2017-03-21 13:01:24,425 - org.eclipse.egit.mylyn.ui - 3.4.2.201412180340-r
2017-03-21 13:01:24,428 - org.eclipse.datatools.sqltools.common.ui - 1.0.1.v201212120623
2017-03-21 13:01:24,429 - org.eclipse.datatools.sqltools.debugger.core - 1.0.1.v201107221520
2017-03-21 13:01:24,429 - org.eclipse.datatools.sqltools.editor.core - 1.0.3.v201212120623
2017-03-21 13:01:24,430 - org.eclipse.datatools.sqltools.plan - 1.0.0.v201107221520
2017-03-21 13:01:24,430 - org.eclipse.datatools.sqltools.routineeditor - 1.0.0.v201107221520
2017-03-21 13:01:24,431 - org.eclipse.datatools.sqltools.sql - 1.0.1.v201110050515
2017-03-21 13:01:24,431 - org.eclipse.datatools.sqltools.sqleditor - 1.0.4.v201212120623
2017-03-21 13:01:24,432 - org.eclipse.datatools.sqltools.sqlscrapbook - 1.0.2.v201205310922
2017-03-21 13:01:24,432 - org.eclipse.datatools.help - 1.5.0.v200906020553
2017-03-21 13:01:24,433 - org.eclipse.datatools.sqltools.db.generic - 1.0.0.v201107221520
2017-03-21 13:01:24,434 - org.eclipse.datatools.sqltools.debugger.core.ui - 1.0.0.v201003161000
2017-03-21 13:01:24,435 - org.eclipse.datatools.sqltools.editor.core.ui - 1.0.0.v201001150815
2017-03-21 13:01:24,435 - org.eclipse.datatools.sqltools.result.ui - 1.1.3.v201302061703
2017-03-21 13:01:24,435 - org.eclipse.datatools.sqltools.routineeditor.ui - 1.0.3.v201211200616
2017-03-21 13:01:24,436 - org.eclipse.datatools.sqltools.sql.ui - 1.0.1.v201201270735
2017-03-21 13:01:24,439 - org.objectweb.asm - 5.0.1.v201404251740
2017-03-21 13:01:24,440 - org.eclipse.andmore - 0.5.0.201605181018
2017-03-21 13:01:24,440 - org.eclipse.andmore.base - 0.5.0.201605181018
2017-03-21 13:01:24,440 - org.eclipse.andmore.ddms - 0.5.0.201605181018
2017-03-21 13:01:24,441 - org.eclipse.andmore.overlay - 0.5.0.201605181018
2017-03-21 13:01:24,457 - org.apache.commons.codec - 1.6.0.v201305230611
2017-03-21 13:01:24,458 - org.apache.commons.compress - 1.6.0.v201310281400
2017-03-21 13:01:24,459 - org.apache.httpcomponents.httpclient - 4.3.6.v201411290715
2017-03-21 13:01:24,459 - org.apache.httpcomponents.httpcore - 4.3.3.v201411290715
2017-03-21 13:01:24,462 - org.eclipse.datatools.modelbase.dbdefinition - 1.0.2.v201107221519
2017-03-21 13:01:24,464 - org.eclipse.datatools.modelbase.sql.edit - 1.0.2.v201208230744
2017-03-21 13:01:24,465 - org.eclipse.datatools.modelbase.sql.query - 1.1.4.v201212120619
2017-03-21 13:01:24,466 - org.eclipse.datatools.modelbase.sql.query.edit - 1.0.1.v201110151245
2017-03-21 13:01:24,467 - org.eclipse.datatools.modelbase.sql.xml.query - 1.0.2.v201201131123
2017-03-21 13:01:24,468 - org.eclipse.datatools.modelbase.sql - 1.0.6.v201208230744
2017-03-21 13:01:24,472 - org.eclipse.emf.mapping - 2.8.0.v20150123-0452
2017-03-21 13:01:24,475 - org.eclipse.emf.ecore - 2.10.2.v20150123-0348
2017-03-21 13:01:24,476 - org.eclipse.emf.ecore.change - 2.10.0.v20150123-0348
2017-03-21 13:01:24,476 - org.eclipse.emf.ecore.xmi - 2.10.2.v20150123-0348
2017-03-21 13:01:24,485 - ContextQuickie - 0.6.3.201610111738
2017-03-21 13:01:24,491 - org.eclipse.jgit - 3.4.2.201412180340-r
2017-03-21 13:01:24,492 - org.eclipse.jgit.archive - 3.4.2.201412180340-r
2017-03-21 13:01:24,492 - com.jcraft.jsch - 0.1.51.v201410302000
2017-03-21 13:01:24,493 - javaewah - 0.7.9.v201401101600
2017-03-21 13:01:24,493 - org.apache.commons.compress - 1.6.0.v201310281400
2017-03-21 13:01:24,500 - org.eclipse.mylyn.wikitext.core - 2.3.2.v20150217-2315
2017-03-21 13:01:24,501 - org.eclipse.mylyn.wikitext.core.ant - 2.3.2.v20150217-2315
2017-03-21 13:01:24,502 - org.eclipse.mylyn.wikitext.core.osgi - 2.3.2.v20150217-2315
2017-03-21 13:01:24,502 - org.eclipse.mylyn.wikitext.textile.core - 2.3.2.v20150217-2315
2017-03-21 13:01:24,503 - org.eclipse.mylyn.wikitext.html.core - 2.3.2.v20150217-2315
2017-03-21 13:01:24,504 - org.eclipse.mylyn.wikitext.markdown.core - 2.3.2.v20150217-2315
2017-03-21 13:01:24,504 - org.eclipse.mylyn.wikitext.mediawiki.core - 2.3.2.v20150217-2315
2017-03-21 13:01:24,505 - org.eclipse.mylyn.wikitext.confluence.core - 2.3.2.v20150217-2315
2017-03-21 13:01:24,505 - org.eclipse.mylyn.wikitext.tracwiki.core - 2.3.2.v20150217-2315
2017-03-21 13:01:24,506 - org.eclipse.mylyn.wikitext.twiki.core - 2.3.2.v20150217-2315
2017-03-21 13:01:24,506 - org.eclipse.mylyn.wikitext.ui - 2.3.2.v20150217-2315
2017-03-21 13:01:24,507 - org.eclipse.mylyn.wikitext.help.ui - 2.3.2.v20150217-2315
2017-03-21 13:01:24,507 - org.eclipse.mylyn.wikitext.textile.ui - 2.3.2.v20150217-2315
2017-03-21 13:01:24,508 - org.eclipse.mylyn.wikitext.markdown.ui - 2.3.2.v20150217-2315
2017-03-21 13:01:24,509 - org.eclipse.mylyn.wikitext.mediawiki.ui - 2.3.2.v20150217-2315
2017-03-21 13:01:24,509 - org.eclipse.mylyn.wikitext.confluence.ui - 2.3.2.v20150217-2315
2017-03-21 13:01:24,510 - org.eclipse.mylyn.wikitext.tracwiki.ui - 2.3.2.v20150217-2315
2017-03-21 13:01:24,510 - org.eclipse.mylyn.wikitext.twiki.ui - 2.3.2.v20150217-2315
2017-03-21 13:01:24,512 - org.eclipse.mylyn.wikitext.tasks.ui - 2.3.2.v20150217-2315
2017-03-21 13:01:24,513 - org.eclipse.mylyn.wikitext.context.ui - 2.3.2.v20150217-2315
2017-03-21 13:01:24,517 - org.eclipse.emf.mapping.ecore.editor - 2.6.0.v20150123-0452
2017-03-21 13:01:24,517 - org.eclipse.emf.mapping.ecore2ecore.editor - 2.7.0.v20150123-0452
2017-03-21 13:01:24,518 - org.eclipse.emf.mapping.ecore2xml.ui - 2.7.0.v20150123-0452
2017-03-21 13:01:24,537 - org.apache.ant - 1.9.2.v201404171502
2017-03-21 13:01:24,538 - org.eclipse.ant.core - 3.3.1.v20150123-1553
2017-03-21 13:01:24,538 - com.jcraft.jsch - 0.1.51.v201410302000
2017-03-21 13:01:24,539 - org.eclipse.compare.core - 3.5.400.v20130903-0736
2017-03-21 13:01:24,541 - org.eclipse.compare - 3.5.501.v20140817-1445
2017-03-21 13:01:24,541 - org.eclipse.compare.win32 - 1.0.200.v20130514-1224
2017-03-21 13:01:24,542 - org.eclipse.core.filebuffers - 3.5.400.v20140127-1516
2017-03-21 13:01:24,543 - org.eclipse.core.filesystem - 1.4.100.v20140514-1614
2017-03-21 13:01:24,543 - org.eclipse.core.net - 1.2.200.v20140124-2013
2017-03-21 13:01:24,543 - org.eclipse.core.net.win32.x86_64 - 1.0.100.v20140124-2013
2017-03-21 13:01:24,544 - org.eclipse.core.resources - 3.9.1.v20140825-1431
2017-03-21 13:01:24,545 - org.eclipse.core.runtime.compatibility - 3.2.200.v20140128-0851
2017-03-21 13:01:24,546 - org.eclipse.core.runtime.compatibility.registry - 3.5.300.v20140128-0851
2017-03-21 13:01:24,547 - org.eclipse.osgi.util - 3.3.0.v20131023-1243
2017-03-21 13:01:24,547 - org.eclipse.debug.core - 3.9.1.v20140805-1629
2017-03-21 13:01:24,548 - org.eclipse.debug.ui - 3.10.2.v20141014-1039
2017-03-21 13:01:24,549 - org.eclipse.equinox.event - 1.3.100.v20140115-1647
2017-03-21 13:01:24,549 - org.eclipse.ltk.core.refactoring - 3.6.101.v20140817-1500
2017-03-21 13:01:24,550 - org.eclipse.ltk.ui.refactoring - 3.7.100.v20140324-1358
2017-03-21 13:01:24,550 - org.eclipse.platform - 4.4.2.v20150204-1700
2017-03-21 13:01:24,551 - org.eclipse.platform.doc.user - 4.4.2.v20141003-1449
2017-03-21 13:01:24,551 - org.eclipse.search - 3.9.100.v20140226-1637
2017-03-21 13:01:24,552 - org.eclipse.team.core - 3.7.0.v20130514-1224
2017-03-21 13:01:24,552 - org.eclipse.team.ui - 3.7.100.v20130710-1213
2017-03-21 13:01:24,552 - org.eclipse.text - 3.5.300.v20130515-1451
2017-03-21 13:01:24,552 - org.eclipse.jface.text - 3.9.2.v20141003-1326
2017-03-21 13:01:24,553 - org.eclipse.jsch.core - 1.1.500.v20131112-1442
2017-03-21 13:01:24,554 - org.eclipse.jsch.ui - 1.1.500.v20131112-1442
2017-03-21 13:01:24,554 - org.eclipse.ui.console - 3.5.300.v20140424-1437
2017-03-21 13:01:24,554 - org.eclipse.ui.intro - 3.4.200.v20130326-1254
2017-03-21 13:01:24,555 - org.eclipse.ui.intro.universal - 3.2.701.v20150204-1123
2017-03-21 13:01:24,556 - org.eclipse.ui.cheatsheets - 3.4.200.v20131227-1524
2017-03-21 13:01:24,557 - org.eclipse.ui.browser - 3.4.200.v20131003-1453
2017-03-21 13:01:24,557 - org.eclipse.ui.navigator - 3.5.401.v20140724-1117
2017-03-21 13:01:24,558 - org.eclipse.ui.navigator.resources - 3.4.700.v20140407-1004
2017-03-21 13:01:24,558 - org.eclipse.ui.net - 1.2.200.v20120807-0927
2017-03-21 13:01:24,559 - org.eclipse.ui.workbench.texteditor - 3.9.0.v20140411-1521
2017-03-21 13:01:24,559 - org.eclipse.ui.views - 3.7.0.v20140408-0703
2017-03-21 13:01:24,560 - org.eclipse.ui.editors - 3.8.200.v20140401-1310
2017-03-21 13:01:24,560 - org.eclipse.ui.externaltools - 3.2.300.v20140327-1949
2017-03-21 13:01:24,561 - org.eclipse.ui.ide - 3.10.2.v20141118-1227
2017-03-21 13:01:24,562 - org.eclipse.ui.ide.application - 1.0.501.v20141111-1238
2017-03-21 13:01:24,562 - org.eclipse.ui.win32 - 3.2.400.v20140423-2207
2017-03-21 13:01:24,562 - org.eclipse.core.resources.win32.x86_64 - 3.5.0.v20140124-1940
2017-03-21 13:01:24,563 - org.eclipse.core.filesystem.win32.x86_64 - 1.4.0.v20140124-1940
2017-03-21 13:01:24,564 - org.eclipse.core.variables - 3.2.800.v20130819-1716
2017-03-21 13:01:24,564 - org.eclipse.ui.forms - 3.6.100.v20140422-1825
2017-03-21 13:01:24,565 - org.eclipse.ui.views.properties.tabbed - 3.6.0.v20140519-0906
2017-03-21 13:01:24,565 - org.eclipse.equinox.security - 1.2.0.v20130424-1801
2017-03-21 13:01:24,566 - org.eclipse.equinox.security.ui - 1.1.200.v20130626-2037
2017-03-21 13:01:24,566 - org.eclipse.equinox.security.win32.x86_64 - 1.0.100.v20130327-1442
2017-03-21 13:01:24,567 - org.eclipse.core.externaltools - 1.0.300.v20140219-0051
2017-03-21 13:01:24,567 - org.eclipse.ui.themes - 1.0.1.v20141126-1957
2017-03-21 13:01:24,567 - org.eclipse.core.filesystem.java7 - 1.0.0.v20140429-1531
2017-03-21 13:01:24,570 - org.eclipse.mylyn.discovery.core - 3.14.2.v20150217-2244
2017-03-21 13:01:24,571 - org.eclipse.mylyn.discovery.ui - 3.14.2.v20150217-2244
2017-03-21 13:01:24,576 - org.eclipse.emf.ecore.edit - 2.9.0.v20150123-0452
2017-03-21 13:01:24,577 - org.eclipse.emf.ecore.change.edit - 2.6.0.v20150123-0452
2017-03-21 13:01:24,580 - org.eclipse.sequoyah.vnc.protocol - 2.1.0.N20120718-0509
2017-03-21 13:01:24,583 - org.eclipse.mylyn.versions.core - 1.6.2.v20150217-2249
2017-03-21 13:01:24,585 - org.eclipse.mylyn.versions.ui - 1.6.2.v20150217-2249
2017-03-21 13:01:24,589 - org.eclipse.emf.mapping.ecore - 2.6.0.v20150123-0452
2017-03-21 13:01:24,590 - org.eclipse.emf.mapping.ecore2ecore - 2.8.0.v20150123-0452
2017-03-21 13:01:24,591 - org.eclipse.emf.mapping.ecore2xml - 2.8.0.v20150123-0452
2017-03-21 13:01:24,594 - org.eclipse.andmore.traceview - 0.5.0.201605181018
2017-03-21 13:01:24,596 - org.eclipse.sequoyah.localization.android - 2.1.0.N20120718-0509
2017-03-21 13:01:24,597 - org.eclipse.sequoyah.localization.android.help - 2.1.1.N20120718-0509
2017-03-21 13:01:24,600 - org.eclipse.team.svn.mylyn.sources - 4.0.0.I20160226-1700
2017-03-21 13:01:24,602 - org.eclipse.m2e.logback.configuration - 1.5.1.20150109-1820
2017-03-21 13:01:24,603 - org.eclipse.m2e.logback.appender - 1.5.1.20150109-1820
2017-03-21 13:01:24,606 - org.eclipse.emf.codegen - 2.10.0.v20150123-0452
2017-03-21 13:01:24,610 - org.eclipse.wst.dtd.ui - 1.0.801.v201308100602
2017-03-21 13:01:24,610 - org.eclipse.wst.dtd.ui.infopop - 1.0.400.v201309112106
2017-03-21 13:01:24,611 - org.eclipse.wst.sse.ui.infopop - 1.0.300.v201309112106
2017-03-21 13:01:24,612 - org.eclipse.wst.xml.ui.infopop - 1.0.400.v201309112106
2017-03-21 13:01:24,613 - org.eclipse.wst.sse.ui - 1.3.301.v201501151629
2017-03-21 13:01:24,614 - org.eclipse.wst.xml.ui - 1.1.501.v201501212057
2017-03-21 13:01:24,616 - org.eclipse.wst.xsd.ui - 1.2.500.v201208081537
2017-03-21 13:01:24,620 - org.eclipse.datatools.doc.user - 1.7.0.20090521092446
2017-03-21 13:01:24,621 - org.eclipse.datatools.oda.cshelp - 1.1.2.v201309200751
2017-03-21 13:01:24,621 - org.eclipse.datatools.help - 1.5.0.v200906020553
2017-03-21 13:01:24,624 - org.eclipse.emf - 2.6.0.v20150123-0452
2017-03-21 13:01:24,627 - org.eclipse.wb.layout.group - 1.7.0.r44x201405021517
2017-03-21 13:01:24,631 - org.eclipse.mylyn.tasks.bugs - 3.14.2.v20150217-2341
2017-03-21 13:01:24,632 - org.eclipse.mylyn.help.ui - 3.14.2.v20150217-2341
2017-03-21 13:01:24,635 - org.eclipse.draw2d - 3.10.100.201606061308
2017-03-21 13:01:24,639 - org.eclipse.emf.edit - 2.10.1.v20150123-0452
2017-03-21 13:01:24,641 - org.eclipse.team.svn.m2e - 4.0.0.I20160226-1700
2017-03-21 13:01:24,645 - org.eclipse.mylyn.commons.core - 3.14.2.v20150217-2244
2017-03-21 13:01:24,646 - org.eclipse.mylyn.commons.screenshots - 3.14.2.v20150217-2244
2017-03-21 13:01:24,646 - org.eclipse.mylyn.commons.ui - 3.14.2.v20150217-2244
2017-03-21 13:01:24,647 - org.eclipse.mylyn.commons.workbench - 3.14.2.v20150217-2244
2017-03-21 13:01:24,650 - org.eclipse.mylyn.team.cvs - 3.14.2.v20150218-0125
2017-03-21 13:01:24,651 - org.eclipse.mylyn.bugzilla.ide - 3.14.2.v20150218-0125
2017-03-21 13:01:24,652 - org.eclipse.mylyn.ide.ui - 3.14.2.v20150218-0125
2017-03-21 13:01:24,656 - org.eclipse.emf.databinding.edit - 1.3.0.v20150123-0452
2017-03-21 13:01:24,660 - org.eclipse.emf.codegen.ecore - 2.10.2.v20150123-0452
2017-03-21 13:01:24,660 - org.eclipse.emf.ant - 2.8.0.v20150123-0452
2017-03-21 13:01:24,672 - org.eclipse.m2e.archetype.common - 1.5.1.20150109-1819
2017-03-21 13:01:24,675 - org.eclipse.m2e.maven.indexer - 1.5.1.20150109-1819
2017-03-21 13:01:24,676 - org.eclipse.m2e.model.edit - 1.5.1.20150109-1820
2017-03-21 13:01:24,677 - org.eclipse.m2e.core - 1.5.1.20150109-1820
2017-03-21 13:01:24,677 - org.eclipse.m2e.launching - 1.5.1.20150109-1820
2017-03-21 13:01:24,678 - org.eclipse.m2e.jdt - 1.5.1.20150109-1820
2017-03-21 13:01:24,679 - org.eclipse.m2e.editor - 1.5.1.20150109-1820
2017-03-21 13:01:24,680 - org.eclipse.m2e.editor.xml - 1.5.1.20150109-1820
2017-03-21 13:01:24,700 - org.eclipse.m2e.maven.runtime - 1.5.1.20150109-1819
2017-03-21 13:01:24,703 - org.eclipse.m2e.maven.runtime.slf4j.simple - 1.5.1.20150109-1819
2017-03-21 13:01:24,703 - org.eclipse.m2e.refactoring - 1.5.1.20150109-1820
2017-03-21 13:01:24,704 - org.eclipse.m2e.lifecyclemapping.defaults - 1.5.1.20150109-1820
2017-03-21 13:01:24,705 - org.eclipse.m2e.discovery - 1.5.1.20150109-1820
2017-03-21 13:01:24,706 - org.eclipse.m2e.core.ui - 1.5.1.20150109-1820
2017-03-21 13:01:24,707 - org.eclipse.m2e.scm - 1.5.1.20150109-1820
2017-03-21 13:01:24,707 - org.eclipse.m2e.jdt.ui - 1.5.1.20150109-1820
2017-03-21 13:01:24,708 - org.eclipse.m2e.profiles.core - 1.5.1.20150109-1820
2017-03-21 13:01:24,709 - org.eclipse.m2e.profiles.ui - 1.5.1.20150109-1820
2017-03-21 13:01:24,712 - org.eclipse.andmore.ndk - 0.5.0.201605181018
2017-03-21 13:01:24,716 - org.eclipse.andmore.gldebugger - 0.5.0.201605181018
2017-03-21 13:01:24,720 - org.eclipse.mylyn.hudson.core - 1.6.2.v20150218-0552
2017-03-21 13:01:24,721 - org.eclipse.mylyn.hudson.ui - 1.6.2.v20150218-0552
2017-03-21 13:01:24,724 - org.eclipse.epp.mpc.core - 1.3.2.v20141216-2136
2017-03-21 13:01:24,725 - org.eclipse.epp.mpc.ui - 1.3.2.v20150204-1930
2017-03-21 13:01:24,726 - org.eclipse.epp.mpc.help.ui - 1.3.2.v20141006-1249
2017-03-21 13:01:24,728 - org.eclipse.datatools.connectivity.oda.consumer - 3.2.6.v201403131814
2017-03-21 13:01:24,729 - org.eclipse.datatools.connectivity.oda.design - 3.3.6.v201403131814
2017-03-21 13:01:24,729 - org.eclipse.datatools.connectivity.oda.profile - 3.2.9.v201403131814
2017-03-21 13:01:24,730 - org.eclipse.datatools.connectivity.oda - 3.4.3.v201405301249
2017-03-21 13:01:24,730 - org.eclipse.datatools.connectivity - 1.2.11.v201401230755
2017-03-21 13:01:24,732 - org.eclipse.mylyn.git.core - 1.6.2.v20150217-2249
2017-03-21 13:01:24,733 - org.eclipse.mylyn.git.ui - 1.6.2.v20150217-2249
2017-03-21 13:01:24,740 - org.eclipse.andmore.android.certmanager - 0.5.0.201605181018
2017-03-21 13:01:24,743 - org.eclipse.epp.package.java - 4.4.2.20150219-0708
2017-03-21 13:01:24,746 - org.eclipse.cdt.gdb - 7.0.0.201502131403
2017-03-21 13:01:24,747 - org.eclipse.cdt.gdb.ui - 7.0.0.201502131403
2017-03-21 13:01:24,750 - org.eclipse.sequoyah.localization.tools - 2.1.0.N20120718-0509
2017-03-21 13:01:24,751 - org.eclipse.sequoyah.localization.editor - 2.1.0.N20120718-0509
2017-03-21 13:01:24,754 - org.eclipse.pde - 3.10.1.v20150204-1700
2017-03-21 13:01:24,755 - org.eclipse.pde.build - 3.9.0.v20140415-2029
2017-03-21 13:01:24,756 - org.eclipse.pde.core - 3.10.2.v20150127-1015
2017-03-21 13:01:24,756 - org.eclipse.pde.junit.runtime - 3.4.400.v20140204-1740
2017-03-21 13:01:24,757 - org.eclipse.pde.runtime - 3.4.400.v20140512-1555
2017-03-21 13:01:24,757 - org.eclipse.pde.ui - 3.8.101.v20141001-1400
2017-03-21 13:01:24,758 - org.eclipse.pde.doc.user - 3.10.2.v20150202-1407
2017-03-21 13:01:24,759 - org.eclipse.pde.ui.templates - 3.4.800.v20140410-2009
2017-03-21 13:01:24,759 - org.eclipse.ui.views.log - 1.0.500.v20140512-1221
2017-03-21 13:01:24,759 - org.objectweb.asm - 5.0.1.v201404251740
2017-03-21 13:01:24,760 - org.objectweb.asm.tree - 5.0.1.v201404251740
2017-03-21 13:01:24,760 - org.eclipse.pde.api.tools - 1.0.600.v20140520-1809
2017-03-21 13:01:24,761 - org.eclipse.pde.api.tools.annotations - 1.0.0.v20140602-1527
2017-03-21 13:01:24,761 - org.eclipse.pde.api.tools.ui - 1.0.501.v20140808-0849
2017-03-21 13:01:24,761 - org.eclipse.pde.ds.core - 1.0.300.v20140204-1740
2017-03-21 13:01:24,762 - org.eclipse.pde.ds.ui - 1.0.300.v20140204-1740
2017-03-21 13:01:24,763 - org.eclipse.pde.launching - 3.6.200.v20140521-1231
2017-03-21 13:01:24,763 - org.eclipse.pde.ua.core - 1.0.301.v20140702-1823
2017-03-21 13:01:24,764 - org.eclipse.pde.ua.ui - 1.0.300.v20140307-1548
2017-03-21 13:01:24,765 - org.eclipse.ui.trace - 1.0.201.v20140702-1807
2017-03-21 13:01:24,767 - net.sourceforge.lpg.lpgjavaruntime - 1.1.0.v201004271650
2017-03-21 13:01:24,768 - org.eclipse.datatools.sqltools.parsers.sql.lexer - 1.0.1.v201107221520
2017-03-21 13:01:24,768 - org.eclipse.datatools.sqltools.parsers.sql.query - 1.2.1.v201201250511
2017-03-21 13:01:24,769 - org.eclipse.datatools.sqltools.parsers.sql.xml.query - 1.0.0.v201107221520
2017-03-21 13:01:24,769 - org.eclipse.datatools.sqltools.parsers.sql - 1.0.2.v201107221520
2017-03-21 13:01:24,771 - org.eclipse.mylyn.java.ui - 3.14.2.v20150218-0125
2017-03-21 13:01:24,772 - org.eclipse.mylyn.java.tasks - 3.14.2.v20150218-0125
2017-03-21 13:01:24,772 - org.eclipse.mylyn.ide.ui - 3.14.2.v20150218-0125
2017-03-21 13:01:24,772 - org.eclipse.mylyn.ide.ant - 3.14.2.v20150218-0125
2017-03-21 13:01:24,773 - org.eclipse.mylyn.debug.ui - 3.14.2.v20150218-0125
2017-03-21 13:01:24,775 - org.eclipse.team.svn - 4.0.4.I20170216-1700
2017-03-21 13:01:24,775 - org.eclipse.team.svn.core - 4.0.3.I20161129-1700
2017-03-21 13:01:24,776 - org.eclipse.team.svn.ui - 4.0.4.I20170216-1700
2017-03-21 13:01:24,776 - org.eclipse.team.svn.ui.startup - 4.0.0.I20160226-1700
2017-03-21 13:01:24,776 - org.eclipse.team.svn.help - 4.0.3.I20161129-1700
2017-03-21 13:01:24,778 - org.eclipse.mylyn.team.ui - 3.14.2.v20150218-0125
2017-03-21 13:01:24,781 - org.eclipse.emf.common.ui - 2.9.0.v20150123-0452
2017-03-21 13:01:24,783 - org.eclipse.datatools.sqltools.sql - 1.0.1.v201110050515
2017-03-21 13:01:24,783 - org.eclipse.datatools.sqltools.common.ui - 1.0.1.v201212120623
2017-03-21 13:01:24,783 - org.eclipse.datatools.sqltools.plan - 1.0.0.v201107221520
2017-03-21 13:01:24,783 - org.eclipse.datatools.sqltools.editor.core - 1.0.3.v201212120623
2017-03-21 13:01:24,783 - org.eclipse.datatools.sqltools.sqleditor - 1.0.4.v201212120623
2017-03-21 13:01:24,783 - org.eclipse.datatools.sqltools.ddlgen.ui - 1.0.3.v201211200616
2017-03-21 13:01:24,784 - org.eclipse.datatools.connectivity.db.generic - 1.0.1.v201107221459
2017-03-21 13:01:24,784 - org.eclipse.datatools.sqltools.editor.core.ui - 1.0.0.v201001150815
2017-03-21 13:01:24,784 - org.eclipse.datatools.sqltools.sql.ui - 1.0.1.v201201270735
2017-03-21 13:01:24,795 - org.polarion.eclipse.team.svn.connector.svnkit18 - 6.0.4.I20161211-1700
2017-03-21 13:01:24,797 - org.eclipse.mylyn.commons.repositories.core - 1.6.2.v20150217-2244
2017-03-21 13:01:24,798 - org.eclipse.mylyn.commons.repositories.ui - 1.6.2.v20150217-2244
2017-03-21 13:01:24,801 - org.eclipse.sequoyah.device.common.utilities - 2.1.0.N20120718-0509
2017-03-21 13:01:24,803 - org.eclipse.andmore.android.common - 0.5.0.201605181018
2017-03-21 13:01:24,804 - org.eclipse.andmore.android.codeutils - 0.5.0.201605181018
2017-03-21 13:01:24,804 - org.eclipse.andmore.android.translation - 0.5.0.201605181018
2017-03-21 13:01:24,805 - org.eclipse.andmore.android.codesnippets - 0.5.0.201605181018
2017-03-21 13:01:24,806 - org.eclipse.andmore.android.db.core - 0.5.0.201605181018
2017-03-21 13:01:24,806 - org.eclipse.andmore.android.logger - 0.5.0.201605181018
2017-03-21 13:01:24,806 - org.eclipse.andmore.android - 0.5.0.201605181018
2017-03-21 13:01:24,807 - org.eclipse.andmore.android.emulator - 0.5.0.201605181018
2017-03-21 13:01:24,807 - org.eclipse.andmore.android.launch - 0.5.0.201605181018
2017-03-21 13:01:24,808 - org.eclipse.andmore.android.packaging.ui - 0.5.0.201605181018
2017-03-21 13:01:24,808 - org.eclipse.andmore.android.handset - 0.5.0.201605181018
2017-03-21 13:01:24,809 - org.eclipse.andmore.android.remote - 0.5.0.201605181018
2017-03-21 13:01:24,809 - org.eclipse.andmore.android.win32.x86_64 - 0.5.0.201605181018
2017-03-21 13:01:24,809 - org.eclipse.andmore.android.mat - 0.5.0.201605181018
2017-03-21 13:01:24,810 - org.eclipse.andmore.android.devices.services - 0.5.0.201605181018
2017-03-21 13:01:24,810 - org.eclipse.andmore.android.db.devices - 0.5.0.201605181018
2017-03-21 13:01:24,811 - org.eclipse.andmore.android.installer - 0.5.0.201605181018
2017-03-21 13:01:24,811 - org.eclipse.andmore.android.logger.collector - 0.5.0.201605181018
2017-03-21 13:01:24,814 - org.eclipse.emf.mapping.ui - 2.6.0.v20150123-0452
2017-03-21 13:01:24,816 - org.eclipse.mylyn.monitor.core - 3.14.2.v20150217-2244
2017-03-21 13:01:24,817 - org.eclipse.mylyn.monitor.ui - 3.14.2.v20150217-2244
2017-03-21 13:01:24,820 - org.eclipse.team.svn.revision.graph.sources - 4.0.0.I20160226-1700
2017-03-21 13:01:24,822 - org.eclipse.datatools.connectivity.oda.template.ui - 3.2.5.v201403131814
2017-03-21 13:01:24,825 - org.eclipse.sequoyah.vnc.vncviewer - 2.1.0.N20120718-0509
2017-03-21 13:01:24,827 - org.eclipse.team.svn.nl1.sources - 4.0.0.I20160226-1700
2017-03-21 13:01:24,830 - org.polarion.eclipse.team.svn.connector - 6.0.4.I20161211-1700
2017-03-21 13:01:24,832 - org.eclipse.emf.codegen.ecore.ui - 2.10.0.v20150123-0452
2017-03-21 13:01:24,834 - org.eclipse.emf.ecore.editor - 2.10.1.v20150123-0452
2017-03-21 13:01:24,837 - org.eclipse.wb.core.ui - 1.7.0.r44x201405021455
2017-03-21 13:01:24,839 - org.eclipse.mylyn.builds.core - 1.6.2.v20150218-0552
2017-03-21 13:01:24,839 - org.eclipse.mylyn.builds.ui - 1.6.2.v20150218-0552
2017-03-21 13:01:24,841 - org.eclipse.mylyn.context.core - 3.14.2.v20150218-0125
2017-03-21 13:01:24,842 - org.eclipse.mylyn.context.ui - 3.14.2.v20150218-0125
2017-03-21 13:01:24,842 - org.eclipse.mylyn.resources.ui - 3.14.2.v20150218-0125
2017-03-21 13:01:24,842 - org.eclipse.mylyn.context.tasks.ui - 3.14.2.v20150218-0125
2017-03-21 13:01:24,845 - org.eclipse.emf.databinding - 1.3.0.v20150123-0452
2017-03-21 13:01:24,847 - org.eclipse.wb.swing - 1.7.0.r44x201405021531
2017-03-21 13:01:24,849 - org.eclipse.wb.swing.FormLayout.lib - 1.7.0.r44x201405021531
2017-03-21 13:01:24,849 - org.eclipse.wb.swing.FormLayout - 1.7.0.r44x201405021531
2017-03-21 13:01:24,851 - org.eclipse.wb.swing.MigLayout.lib - 1.7.0.r44x201405021531
2017-03-21 13:01:24,851 - org.eclipse.wb.swing.MigLayout - 1.7.0.r44x201405021531
2017-03-21 13:01:24,852 - org.eclipse.wb.swing.databinding - 1.7.0.r44x201405021531
2017-03-21 13:01:24,852 - org.eclipse.wb.swing.jsr296 - 1.7.0.r44x201405021531
2017-03-21 13:01:24,853 - org.eclipse.wb.swing.java6 - 1.7.0.r44x201405021531
2017-03-21 13:01:24,855 - org.eclipse.datatools.connectivity.sqm.core.ui - 1.2.3.v201212070447
2017-03-21 13:01:24,855 - org.eclipse.datatools.connectivity.sqm.core - 1.2.8.v201401230755
2017-03-21 13:01:24,856 - org.eclipse.datatools.connectivity.sqm.server.ui - 1.1.101.v201212070447
2017-03-21 13:01:24,856 - org.eclipse.datatools.connectivity.ui.dse - 1.1.5.v201212070447
2017-03-21 13:01:24,856 - org.eclipse.datatools.connectivity.ui - 1.2.4.v201212070447
2017-03-21 13:01:24,856 - org.eclipse.datatools.connectivity - 1.2.11.v201401230755
2017-03-21 13:01:24,856 - org.eclipse.datatools.help - 1.5.0.v200906020553
2017-03-21 13:01:24,856 - org.eclipse.datatools.connectivity.console.profile - 1.0.10.v201109250955
